{"/Users/lanza/Desktop/DEV/zintro/all/strangler-new/server.js":{"path":"/Users/lanza/Desktop/DEV/zintro/all/strangler-new/server.js","s":{"1":1,"2":1,"3":1,"4":1,"5":1,"6":1,"7":1,"8":1,"9":1,"10":1,"11":1,"12":1,"13":3,"14":1,"15":1,"16":1,"17":1,"18":1,"19":1,"20":1,"21":1,"22":1,"23":1,"24":1,"25":1,"26":1,"27":1,"28":1,"29":1,"30":1,"31":8,"32":0,"33":0,"34":4,"35":4,"36":4,"37":4},"b":{},"f":{"1":3,"2":1,"3":8,"4":0,"5":0,"6":4,"7":4,"8":4},"fnMap":{"1":{"name":"(anonymous_1)","line":23,"loc":{"start":{"line":23,"column":32},"end":{"line":23,"column":47}}},"2":{"name":"(anonymous_2)","line":55,"loc":{"start":{"line":55,"column":41},"end":{"line":55,"column":53}}},"3":{"name":"(anonymous_3)","line":63,"loc":{"start":{"line":63,"column":17},"end":{"line":63,"column":29}}},"4":{"name":"(anonymous_4)","line":65,"loc":{"start":{"line":65,"column":15},"end":{"line":65,"column":26}}},"5":{"name":"(anonymous_5)","line":66,"loc":{"start":{"line":66,"column":25},"end":{"line":66,"column":44}}},"6":{"name":"(anonymous_6)","line":70,"loc":{"start":{"line":70,"column":16},"end":{"line":70,"column":32}}},"7":{"name":"(anonymous_7)","line":71,"loc":{"start":{"line":71,"column":32},"end":{"line":71,"column":43}}},"8":{"name":"(anonymous_8)","line":75,"loc":{"start":{"line":75,"column":22},"end":{"line":75,"column":34}}}},"statementMap":{"1":{"start":{"line":2,"column":0},"end":{"line":2,"column":55}},"2":{"start":{"line":5,"column":0},"end":{"line":5,"column":33}},"3":{"start":{"line":6,"column":0},"end":{"line":6,"column":44}},"4":{"start":{"line":7,"column":0},"end":{"line":7,"column":20}},"5":{"start":{"line":8,"column":0},"end":{"line":8,"column":24}},"6":{"start":{"line":9,"column":0},"end":{"line":9,"column":36}},"7":{"start":{"line":10,"column":0},"end":{"line":10,"column":40}},"8":{"start":{"line":11,"column":0},"end":{"line":11,"column":49}},"9":{"start":{"line":12,"column":0},"end":{"line":15,"column":4}},"10":{"start":{"line":18,"column":0},"end":{"line":18,"column":53}},"11":{"start":{"line":19,"column":0},"end":{"line":21,"column":2}},"12":{"start":{"line":23,"column":0},"end":{"line":25,"column":3}},"13":{"start":{"line":24,"column":4},"end":{"line":24,"column":52}},"14":{"start":{"line":28,"column":0},"end":{"line":28,"column":27}},"15":{"start":{"line":29,"column":0},"end":{"line":34,"column":3}},"16":{"start":{"line":35,"column":0},"end":{"line":35,"column":22}},"17":{"start":{"line":36,"column":0},"end":{"line":36,"column":19}},"18":{"start":{"line":40,"column":0},"end":{"line":42,"column":32}},"19":{"start":{"line":43,"column":0},"end":{"line":43,"column":56}},"20":{"start":{"line":44,"column":0},"end":{"line":44,"column":19}},"21":{"start":{"line":45,"column":0},"end":{"line":45,"column":24}},"22":{"start":{"line":46,"column":0},"end":{"line":46,"column":26}},"23":{"start":{"line":47,"column":0},"end":{"line":47,"column":26}},"24":{"start":{"line":51,"column":0},"end":{"line":51,"column":23}},"25":{"start":{"line":52,"column":0},"end":{"line":52,"column":63}},"26":{"start":{"line":55,"column":0},"end":{"line":57,"column":3}},"27":{"start":{"line":56,"column":4},"end":{"line":56,"column":63}},"28":{"start":{"line":59,"column":0},"end":{"line":59,"column":63}},"29":{"start":{"line":60,"column":0},"end":{"line":60,"column":57}},"30":{"start":{"line":63,"column":0},"end":{"line":81,"column":2}},"31":{"start":{"line":64,"column":4},"end":{"line":80,"column":6}},"32":{"start":{"line":66,"column":12},"end":{"line":68,"column":15}},"33":{"start":{"line":67,"column":16},"end":{"line":67,"column":38}},"34":{"start":{"line":71,"column":12},"end":{"line":73,"column":15}},"35":{"start":{"line":72,"column":16},"end":{"line":72,"column":45}},"36":{"start":{"line":77,"column":12},"end":{"line":77,"column":55}},"37":{"start":{"line":78,"column":12},"end":{"line":78,"column":23}}},"branchMap":{}},"/Users/lanza/Desktop/DEV/zintro/all/strangler-new/utils/config.js":{"path":"/Users/lanza/Desktop/DEV/zintro/all/strangler-new/utils/config.js","s":{"1":1,"2":1,"3":1,"4":1,"5":1,"6":1,"7":1,"8":18,"9":0,"10":18,"11":1,"12":18,"13":0,"14":18,"15":1,"16":18,"17":0,"18":18,"19":12,"20":6,"21":1,"22":12,"23":12,"24":1,"25":0,"26":0,"27":0,"28":0,"29":0,"30":1,"31":0,"32":0,"33":0,"34":1,"35":1,"36":201,"37":201,"38":201,"39":185,"40":16,"41":16,"42":1,"43":15,"44":15,"45":1,"46":15,"47":0,"48":1,"49":1,"50":18,"51":18,"52":18,"53":1},"b":{"1":[0,18],"2":[18,0],"3":[0,18],"4":[18,0],"5":[0,18],"6":[12,6],"7":[0,0],"8":[0,0],"9":[185,16],"10":[1,15],"11":[0,15],"12":[18,18,18,12,0,0]},"f":{"1":18,"2":18,"3":18,"4":12,"5":0,"6":0,"7":1,"8":201,"9":15,"10":18},"fnMap":{"1":{"name":"strip_proto","line":11,"loc":{"start":{"line":11,"column":0},"end":{"line":11,"column":26}}},"2":{"name":"passthrough","line":18,"loc":{"start":{"line":18,"column":0},"end":{"line":18,"column":26}}},"3":{"name":"image","line":25,"loc":{"start":{"line":25,"column":0},"end":{"line":25,"column":45}}},"4":{"name":"lookup","line":35,"loc":{"start":{"line":35,"column":0},"end":{"line":35,"column":29}}},"5":{"name":"javascript","line":146,"loc":{"start":{"line":146,"column":0},"end":{"line":146,"column":37}}},"6":{"name":"_currenttime","line":156,"loc":{"start":{"line":156,"column":0},"end":{"line":156,"column":24}}},"7":{"name":"(anonymous_7)","line":162,"loc":{"start":{"line":162,"column":17},"end":{"line":162,"column":31}}},"8":{"name":"(anonymous_8)","line":165,"loc":{"start":{"line":165,"column":8},"end":{"line":165,"column":37}}},"9":{"name":"(anonymous_9)","line":181,"loc":{"start":{"line":181,"column":25},"end":{"line":181,"column":46}}},"10":{"name":"(anonymous_10)","line":189,"loc":{"start":{"line":189,"column":17},"end":{"line":189,"column":28}}}},"statementMap":{"1":{"start":{"line":3,"column":0},"end":{"line":3,"column":26}},"2":{"start":{"line":4,"column":0},"end":{"line":4,"column":71}},"3":{"start":{"line":5,"column":0},"end":{"line":5,"column":48}},"4":{"start":{"line":6,"column":0},"end":{"line":6,"column":56}},"5":{"start":{"line":7,"column":0},"end":{"line":7,"column":42}},"6":{"start":{"line":8,"column":0},"end":{"line":8,"column":41}},"7":{"start":{"line":11,"column":0},"end":{"line":16,"column":1}},"8":{"start":{"line":12,"column":4},"end":{"line":14,"column":5}},"9":{"start":{"line":13,"column":8},"end":{"line":13,"column":20}},"10":{"start":{"line":15,"column":4},"end":{"line":15,"column":82}},"11":{"start":{"line":18,"column":0},"end":{"line":23,"column":1}},"12":{"start":{"line":19,"column":4},"end":{"line":21,"column":5}},"13":{"start":{"line":20,"column":8},"end":{"line":20,"column":20}},"14":{"start":{"line":22,"column":4},"end":{"line":22,"column":55}},"15":{"start":{"line":25,"column":0},"end":{"line":33,"column":1}},"16":{"start":{"line":26,"column":4},"end":{"line":28,"column":5}},"17":{"start":{"line":27,"column":8},"end":{"line":27,"column":20}},"18":{"start":{"line":29,"column":4},"end":{"line":31,"column":5}},"19":{"start":{"line":30,"column":8},"end":{"line":30,"column":20}},"20":{"start":{"line":32,"column":4},"end":{"line":32,"column":51}},"21":{"start":{"line":35,"column":0},"end":{"line":144,"column":1}},"22":{"start":{"line":36,"column":4},"end":{"line":142,"column":6}},"23":{"start":{"line":143,"column":4},"end":{"line":143,"column":27}},"24":{"start":{"line":146,"column":0},"end":{"line":154,"column":1}},"25":{"start":{"line":147,"column":4},"end":{"line":149,"column":5}},"26":{"start":{"line":148,"column":8},"end":{"line":148,"column":20}},"27":{"start":{"line":150,"column":4},"end":{"line":152,"column":5}},"28":{"start":{"line":151,"column":8},"end":{"line":151,"column":20}},"29":{"start":{"line":153,"column":4},"end":{"line":153,"column":37}},"30":{"start":{"line":156,"column":0},"end":{"line":160,"column":1}},"31":{"start":{"line":157,"column":4},"end":{"line":157,"column":23}},"32":{"start":{"line":158,"column":4},"end":{"line":158,"column":24}},"33":{"start":{"line":159,"column":4},"end":{"line":159,"column":13}},"34":{"start":{"line":162,"column":0},"end":{"line":202,"column":2}},"35":{"start":{"line":163,"column":4},"end":{"line":179,"column":6}},"36":{"start":{"line":166,"column":12},"end":{"line":166,"column":62}},"37":{"start":{"line":167,"column":12},"end":{"line":167,"column":44}},"38":{"start":{"line":168,"column":12},"end":{"line":170,"column":13}},"39":{"start":{"line":169,"column":16},"end":{"line":169,"column":30}},"40":{"start":{"line":171,"column":12},"end":{"line":171,"column":35}},"41":{"start":{"line":172,"column":12},"end":{"line":174,"column":13}},"42":{"start":{"line":173,"column":16},"end":{"line":173,"column":30}},"43":{"start":{"line":175,"column":12},"end":{"line":175,"column":36}},"44":{"start":{"line":176,"column":12},"end":{"line":176,"column":26}},"45":{"start":{"line":180,"column":4},"end":{"line":186,"column":6}},"46":{"start":{"line":182,"column":12},"end":{"line":184,"column":13}},"47":{"start":{"line":183,"column":16},"end":{"line":183,"column":29}},"48":{"start":{"line":187,"column":4},"end":{"line":187,"column":38}},"49":{"start":{"line":189,"column":4},"end":{"line":200,"column":5}},"50":{"start":{"line":190,"column":8},"end":{"line":190,"column":32}},"51":{"start":{"line":191,"column":8},"end":{"line":191,"column":58}},"52":{"start":{"line":192,"column":8},"end":{"line":199,"column":21}},"53":{"start":{"line":201,"column":4},"end":{"line":201,"column":18}}},"branchMap":{"1":{"line":12,"type":"if","locations":[{"start":{"line":12,"column":4},"end":{"line":12,"column":4}},{"start":{"line":12,"column":4},"end":{"line":12,"column":4}}]},"2":{"line":15,"type":"cond-expr","locations":[{"start":{"line":15,"column":49},"end":{"line":15,"column":53}},{"start":{"line":15,"column":56},"end":{"line":15,"column":81}}]},"3":{"line":19,"type":"if","locations":[{"start":{"line":19,"column":4},"end":{"line":19,"column":4}},{"start":{"line":19,"column":4},"end":{"line":19,"column":4}}]},"4":{"line":22,"type":"cond-expr","locations":[{"start":{"line":22,"column":44},"end":{"line":22,"column":48}},{"start":{"line":22,"column":51},"end":{"line":22,"column":54}}]},"5":{"line":26,"type":"if","locations":[{"start":{"line":26,"column":4},"end":{"line":26,"column":4}},{"start":{"line":26,"column":4},"end":{"line":26,"column":4}}]},"6":{"line":29,"type":"if","locations":[{"start":{"line":29,"column":4},"end":{"line":29,"column":4}},{"start":{"line":29,"column":4},"end":{"line":29,"column":4}}]},"7":{"line":147,"type":"if","locations":[{"start":{"line":147,"column":4},"end":{"line":147,"column":4}},{"start":{"line":147,"column":4},"end":{"line":147,"column":4}}]},"8":{"line":150,"type":"if","locations":[{"start":{"line":150,"column":4},"end":{"line":150,"column":4}},{"start":{"line":150,"column":4},"end":{"line":150,"column":4}}]},"9":{"line":168,"type":"if","locations":[{"start":{"line":168,"column":12},"end":{"line":168,"column":12}},{"start":{"line":168,"column":12},"end":{"line":168,"column":12}}]},"10":{"line":172,"type":"if","locations":[{"start":{"line":172,"column":12},"end":{"line":172,"column":12}},{"start":{"line":172,"column":12},"end":{"line":172,"column":12}}]},"11":{"line":182,"type":"if","locations":[{"start":{"line":182,"column":12},"end":{"line":182,"column":12}},{"start":{"line":182,"column":12},"end":{"line":182,"column":12}}]},"12":{"line":193,"type":"binary-expr","locations":[{"start":{"line":193,"column":16},"end":{"line":193,"column":33}},{"start":{"line":194,"column":16},"end":{"line":194,"column":33}},{"start":{"line":195,"column":16},"end":{"line":195,"column":59}},{"start":{"line":196,"column":16},"end":{"line":196,"column":36}},{"start":{"line":197,"column":16},"end":{"line":197,"column":51}},{"start":{"line":198,"column":16},"end":{"line":198,"column":20}}]}}},"/Users/lanza/Desktop/DEV/zintro/all/strangler-new/routes/routes.js":{"path":"/Users/lanza/Desktop/DEV/zintro/all/strangler-new/routes/routes.js","s":{"1":1,"2":1,"3":1,"4":1,"5":1,"6":1,"7":13,"8":3,"9":3,"10":3,"11":3,"12":3,"13":10,"14":1,"15":13,"16":13,"17":13,"18":13,"19":13,"20":13,"21":13,"22":13,"23":1,"24":13,"25":1,"26":13,"27":6,"28":0,"29":13,"30":1,"31":8,"32":4,"33":1,"34":2,"35":0,"36":1,"37":4,"38":2,"39":2,"40":2,"41":1,"42":1,"43":1,"44":1,"45":1,"46":1,"47":1,"48":1,"49":1,"50":1,"51":1},"b":{"1":[3,10],"2":[3,0],"3":[2,2],"4":[4,2]},"f":{"1":1,"2":13,"3":3,"4":13,"5":13,"6":13,"7":13,"8":6,"9":8,"10":4,"11":2,"12":0,"13":4,"14":1},"fnMap":{"1":{"name":"loadApp","line":9,"loc":{"start":{"line":9,"column":0},"end":{"line":9,"column":19}}},"2":{"name":"user","line":11,"loc":{"start":{"line":11,"column":12},"end":{"line":11,"column":42}}},"3":{"name":"(anonymous_3)","line":14,"loc":{"start":{"line":14,"column":94},"end":{"line":14,"column":109}}},"4":{"name":"header","line":25,"loc":{"start":{"line":25,"column":12},"end":{"line":25,"column":44}}},"5":{"name":"(anonymous_5)","line":28,"loc":{"start":{"line":28,"column":75},"end":{"line":28,"column":91}}},"6":{"name":"footer","line":37,"loc":{"start":{"line":37,"column":12},"end":{"line":37,"column":44}}},"7":{"name":"easyRender","line":42,"loc":{"start":{"line":42,"column":12},"end":{"line":42,"column":48}}},"8":{"name":"(anonymous_8)","line":43,"loc":{"start":{"line":43,"column":23},"end":{"line":43,"column":43}}},"9":{"name":"(anonymous_9)","line":50,"loc":{"start":{"line":50,"column":20},"end":{"line":50,"column":46}}},"10":{"name":"(anonymous_10)","line":51,"loc":{"start":{"line":51,"column":22},"end":{"line":51,"column":42}}},"11":{"name":"(anonymous_11)","line":56,"loc":{"start":{"line":56,"column":21},"end":{"line":56,"column":47}}},"12":{"name":"(anonymous_12)","line":57,"loc":{"start":{"line":57,"column":23},"end":{"line":57,"column":43}}},"13":{"name":"is_admin","line":62,"loc":{"start":{"line":62,"column":4},"end":{"line":62,"column":42}}},"14":{"name":"(anonymous_14)","line":88,"loc":{"start":{"line":88,"column":17},"end":{"line":88,"column":46}}}},"statementMap":{"1":{"start":{"line":2,"column":0},"end":{"line":2,"column":8}},"2":{"start":{"line":3,"column":0},"end":{"line":3,"column":11}},"3":{"start":{"line":4,"column":0},"end":{"line":4,"column":26}},"4":{"start":{"line":5,"column":0},"end":{"line":7,"column":3}},"5":{"start":{"line":9,"column":0},"end":{"line":86,"column":1}},"6":{"start":{"line":11,"column":4},"end":{"line":23,"column":7}},"7":{"start":{"line":12,"column":8},"end":{"line":22,"column":9}},"8":{"start":{"line":13,"column":12},"end":{"line":13,"column":48}},"9":{"start":{"line":14,"column":12},"end":{"line":19,"column":15}},"10":{"start":{"line":15,"column":16},"end":{"line":17,"column":17}},"11":{"start":{"line":16,"column":20},"end":{"line":16,"column":44}},"12":{"start":{"line":18,"column":16},"end":{"line":18,"column":23}},"13":{"start":{"line":21,"column":12},"end":{"line":21,"column":19}},"14":{"start":{"line":25,"column":4},"end":{"line":35,"column":7}},"15":{"start":{"line":26,"column":8},"end":{"line":26,"column":97}},"16":{"start":{"line":27,"column":8},"end":{"line":27,"column":98}},"17":{"start":{"line":28,"column":8},"end":{"line":34,"column":11}},"18":{"start":{"line":29,"column":12},"end":{"line":29,"column":23}},"19":{"start":{"line":30,"column":12},"end":{"line":30,"column":155}},"20":{"start":{"line":31,"column":12},"end":{"line":31,"column":51}},"21":{"start":{"line":32,"column":12},"end":{"line":32,"column":36}},"22":{"start":{"line":33,"column":12},"end":{"line":33,"column":19}},"23":{"start":{"line":37,"column":4},"end":{"line":40,"column":6}},"24":{"start":{"line":38,"column":12},"end":{"line":38,"column":19}},"25":{"start":{"line":42,"column":4},"end":{"line":48,"column":7}},"26":{"start":{"line":43,"column":8},"end":{"line":46,"column":10}},"27":{"start":{"line":44,"column":12},"end":{"line":44,"column":80}},"28":{"start":{"line":45,"column":12},"end":{"line":45,"column":140}},"29":{"start":{"line":47,"column":8},"end":{"line":47,"column":15}},"30":{"start":{"line":50,"column":4},"end":{"line":54,"column":6}},"31":{"start":{"line":51,"column":8},"end":{"line":53,"column":11}},"32":{"start":{"line":52,"column":12},"end":{"line":52,"column":48}},"33":{"start":{"line":56,"column":4},"end":{"line":60,"column":6}},"34":{"start":{"line":57,"column":8},"end":{"line":59,"column":11}},"35":{"start":{"line":58,"column":12},"end":{"line":58,"column":48}},"36":{"start":{"line":62,"column":4},"end":{"line":69,"column":5}},"37":{"start":{"line":63,"column":8},"end":{"line":68,"column":9}},"38":{"start":{"line":64,"column":12},"end":{"line":64,"column":38}},"39":{"start":{"line":66,"column":12},"end":{"line":66,"column":71}},"40":{"start":{"line":67,"column":12},"end":{"line":67,"column":53}},"41":{"start":{"line":71,"column":4},"end":{"line":71,"column":50}},"42":{"start":{"line":73,"column":4},"end":{"line":73,"column":52}},"43":{"start":{"line":75,"column":4},"end":{"line":75,"column":57}},"44":{"start":{"line":77,"column":4},"end":{"line":77,"column":67}},"45":{"start":{"line":79,"column":4},"end":{"line":79,"column":57}},"46":{"start":{"line":81,"column":4},"end":{"line":81,"column":63}},"47":{"start":{"line":83,"column":4},"end":{"line":83,"column":63}},"48":{"start":{"line":88,"column":0},"end":{"line":92,"column":1}},"49":{"start":{"line":89,"column":4},"end":{"line":89,"column":22}},"50":{"start":{"line":90,"column":4},"end":{"line":90,"column":17}},"51":{"start":{"line":91,"column":4},"end":{"line":91,"column":14}}},"branchMap":{"1":{"line":12,"type":"if","locations":[{"start":{"line":12,"column":8},"end":{"line":12,"column":8}},{"start":{"line":12,"column":8},"end":{"line":12,"column":8}}]},"2":{"line":15,"type":"if","locations":[{"start":{"line":15,"column":16},"end":{"line":15,"column":16}},{"start":{"line":15,"column":16},"end":{"line":15,"column":16}}]},"3":{"line":63,"type":"if","locations":[{"start":{"line":63,"column":8},"end":{"line":63,"column":8}},{"start":{"line":63,"column":8},"end":{"line":63,"column":8}}]},"4":{"line":63,"type":"binary-expr","locations":[{"start":{"line":63,"column":12},"end":{"line":63,"column":25}},{"start":{"line":63,"column":29},"end":{"line":63,"column":51}}]}}},"/Users/lanza/Desktop/DEV/zintro/all/strangler-new/routes/browse/browse.js":{"path":"/Users/lanza/Desktop/DEV/zintro/all/strangler-new/routes/browse/browse.js","s":{"1":1,"2":1,"3":1,"4":1,"5":2,"6":2,"7":2,"8":2,"9":2,"10":2,"11":4,"12":4,"13":1,"14":2,"15":2,"16":2,"17":2,"18":2,"19":2,"20":0,"21":0,"22":2,"23":2,"24":2,"25":2,"26":2,"27":1,"28":1,"29":1},"b":{"1":[2,0],"2":[1,1],"3":[0,2],"4":[0,2]},"f":{"1":2,"2":2,"3":4,"4":2,"5":2,"6":1,"7":1},"fnMap":{"1":{"name":"_get","line":7,"loc":{"start":{"line":7,"column":0},"end":{"line":7,"column":24}}},"2":{"name":"(anonymous_2)","line":9,"loc":{"start":{"line":9,"column":45},"end":{"line":9,"column":93}}},"3":{"name":"(anonymous_3)","line":13,"loc":{"start":{"line":13,"column":40},"end":{"line":13,"column":56}}},"4":{"name":"load_inquiries","line":20,"loc":{"start":{"line":20,"column":0},"end":{"line":20,"column":40}}},"5":{"name":"(anonymous_5)","line":25,"loc":{"start":{"line":25,"column":25},"end":{"line":25,"column":57}}},"6":{"name":"(anonymous_6)","line":40,"loc":{"start":{"line":40,"column":17},"end":{"line":40,"column":29}}},"7":{"name":"(anonymous_7)","line":42,"loc":{"start":{"line":42,"column":19},"end":{"line":42,"column":34}}}},"statementMap":{"1":{"start":{"line":3,"column":0},"end":{"line":3,"column":26}},"2":{"start":{"line":4,"column":0},"end":{"line":4,"column":33}},"3":{"start":{"line":5,"column":0},"end":{"line":5,"column":49}},"4":{"start":{"line":7,"column":0},"end":{"line":18,"column":1}},"5":{"start":{"line":8,"column":4},"end":{"line":8,"column":48}},"6":{"start":{"line":9,"column":4},"end":{"line":17,"column":6}},"7":{"start":{"line":10,"column":8},"end":{"line":10,"column":70}},"8":{"start":{"line":11,"column":8},"end":{"line":11,"column":61}},"9":{"start":{"line":12,"column":8},"end":{"line":12,"column":147}},"10":{"start":{"line":13,"column":8},"end":{"line":16,"column":11}},"11":{"start":{"line":14,"column":12},"end":{"line":14,"column":61}},"12":{"start":{"line":15,"column":12},"end":{"line":15,"column":35}},"13":{"start":{"line":20,"column":0},"end":{"line":38,"column":1}},"14":{"start":{"line":21,"column":4},"end":{"line":21,"column":50}},"15":{"start":{"line":22,"column":4},"end":{"line":22,"column":247}},"16":{"start":{"line":23,"column":4},"end":{"line":23,"column":89}},"17":{"start":{"line":24,"column":4},"end":{"line":24,"column":55}},"18":{"start":{"line":25,"column":4},"end":{"line":37,"column":7}},"19":{"start":{"line":26,"column":8},"end":{"line":29,"column":9}},"20":{"start":{"line":27,"column":12},"end":{"line":27,"column":60}},"21":{"start":{"line":28,"column":12},"end":{"line":28,"column":32}},"22":{"start":{"line":30,"column":8},"end":{"line":36,"column":9}},"23":{"start":{"line":31,"column":12},"end":{"line":31,"column":36}},"24":{"start":{"line":32,"column":12},"end":{"line":32,"column":46}},"25":{"start":{"line":34,"column":12},"end":{"line":34,"column":58}},"26":{"start":{"line":35,"column":12},"end":{"line":35,"column":32}},"27":{"start":{"line":40,"column":0},"end":{"line":46,"column":2}},"28":{"start":{"line":41,"column":4},"end":{"line":45,"column":5}},"29":{"start":{"line":43,"column":12},"end":{"line":43,"column":44}}},"branchMap":{"1":{"line":10,"type":"cond-expr","locations":[{"start":{"line":10,"column":24},"end":{"line":10,"column":64}},{"start":{"line":10,"column":67},"end":{"line":10,"column":69}}]},"2":{"line":21,"type":"cond-expr","locations":[{"start":{"line":21,"column":18},"end":{"line":21,"column":22}},{"start":{"line":21,"column":25},"end":{"line":21,"column":49}}]},"3":{"line":23,"type":"cond-expr","locations":[{"start":{"line":23,"column":53},"end":{"line":23,"column":64}},{"start":{"line":23,"column":67},"end":{"line":23,"column":88}}]},"4":{"line":26,"type":"if","locations":[{"start":{"line":26,"column":8},"end":{"line":26,"column":8}},{"start":{"line":26,"column":8},"end":{"line":26,"column":8}}]}}},"/Users/lanza/Desktop/DEV/zintro/all/strangler-new/services/areas.js":{"path":"/Users/lanza/Desktop/DEV/zintro/all/strangler-new/services/areas.js","s":{"1":1,"2":1,"3":4,"4":4,"5":4,"6":4,"7":4,"8":4,"9":4,"10":4,"11":0,"12":0,"13":4,"14":4,"15":4,"16":0,"17":0,"18":1,"19":2},"b":{"1":[2,2],"2":[0,4],"3":[0,4]},"f":{"1":4,"2":4,"3":2},"fnMap":{"1":{"name":"_get_related_areas","line":3,"loc":{"start":{"line":3,"column":0},"end":{"line":3,"column":44}}},"2":{"name":"(anonymous_2)","line":10,"loc":{"start":{"line":10,"column":25},"end":{"line":10,"column":57}}},"3":{"name":"(anonymous_3)","line":25,"loc":{"start":{"line":25,"column":17},"end":{"line":25,"column":29}}}},"statementMap":{"1":{"start":{"line":1,"column":0},"end":{"line":1,"column":33}},"2":{"start":{"line":3,"column":0},"end":{"line":23,"column":1}},"3":{"start":{"line":4,"column":4},"end":{"line":4,"column":43}},"4":{"start":{"line":5,"column":4},"end":{"line":5,"column":50}},"5":{"start":{"line":6,"column":4},"end":{"line":6,"column":51}},"6":{"start":{"line":7,"column":4},"end":{"line":7,"column":94}},"7":{"start":{"line":8,"column":4},"end":{"line":8,"column":89}},"8":{"start":{"line":9,"column":4},"end":{"line":9,"column":56}},"9":{"start":{"line":10,"column":4},"end":{"line":22,"column":7}},"10":{"start":{"line":11,"column":8},"end":{"line":14,"column":9}},"11":{"start":{"line":12,"column":12},"end":{"line":12,"column":64}},"12":{"start":{"line":13,"column":12},"end":{"line":13,"column":32}},"13":{"start":{"line":15,"column":8},"end":{"line":21,"column":9}},"14":{"start":{"line":16,"column":12},"end":{"line":16,"column":36}},"15":{"start":{"line":17,"column":12},"end":{"line":17,"column":111}},"16":{"start":{"line":19,"column":12},"end":{"line":19,"column":53}},"17":{"start":{"line":20,"column":12},"end":{"line":20,"column":32}},"18":{"start":{"line":25,"column":0},"end":{"line":29,"column":2}},"19":{"start":{"line":26,"column":4},"end":{"line":28,"column":5}}},"branchMap":{"1":{"line":5,"type":"cond-expr","locations":[{"start":{"line":5,"column":18},"end":{"line":5,"column":22}},{"start":{"line":5,"column":25},"end":{"line":5,"column":49}}]},"2":{"line":8,"type":"cond-expr","locations":[{"start":{"line":8,"column":53},"end":{"line":8,"column":64}},{"start":{"line":8,"column":67},"end":{"line":8,"column":88}}]},"3":{"line":11,"type":"if","locations":[{"start":{"line":11,"column":8},"end":{"line":11,"column":8}},{"start":{"line":11,"column":8},"end":{"line":11,"column":8}}]}}},"/Users/lanza/Desktop/DEV/zintro/all/strangler-new/routes/experts/experts.js":{"path":"/Users/lanza/Desktop/DEV/zintro/all/strangler-new/routes/experts/experts.js","s":{"1":1,"2":1,"3":1,"4":1,"5":2,"6":2,"7":2,"8":2,"9":2,"10":2,"11":2,"12":2,"13":1,"14":2,"15":2,"16":2,"17":2,"18":2,"19":1,"20":0,"21":0,"22":1,"23":1,"24":1,"25":1,"26":1,"27":1,"28":1,"29":1},"b":{"1":[2,0],"2":[1,1],"3":[0,2],"4":[0,1]},"f":{"1":2,"2":2,"3":2,"4":2,"5":1,"6":1,"7":1},"fnMap":{"1":{"name":"_get","line":7,"loc":{"start":{"line":7,"column":0},"end":{"line":7,"column":24}}},"2":{"name":"(anonymous_2)","line":9,"loc":{"start":{"line":9,"column":45},"end":{"line":9,"column":93}}},"3":{"name":"(anonymous_3)","line":13,"loc":{"start":{"line":13,"column":38},"end":{"line":13,"column":58}}},"4":{"name":"load_experts","line":20,"loc":{"start":{"line":20,"column":0},"end":{"line":20,"column":38}}},"5":{"name":"(anonymous_5)","line":25,"loc":{"start":{"line":25,"column":25},"end":{"line":25,"column":57}}},"6":{"name":"(anonymous_6)","line":40,"loc":{"start":{"line":40,"column":17},"end":{"line":40,"column":29}}},"7":{"name":"(anonymous_7)","line":42,"loc":{"start":{"line":42,"column":19},"end":{"line":42,"column":34}}}},"statementMap":{"1":{"start":{"line":3,"column":0},"end":{"line":3,"column":26}},"2":{"start":{"line":4,"column":0},"end":{"line":4,"column":33}},"3":{"start":{"line":5,"column":0},"end":{"line":5,"column":49}},"4":{"start":{"line":7,"column":0},"end":{"line":18,"column":1}},"5":{"start":{"line":8,"column":4},"end":{"line":8,"column":49}},"6":{"start":{"line":9,"column":4},"end":{"line":17,"column":6}},"7":{"start":{"line":10,"column":8},"end":{"line":10,"column":70}},"8":{"start":{"line":11,"column":8},"end":{"line":11,"column":61}},"9":{"start":{"line":12,"column":8},"end":{"line":12,"column":147}},"10":{"start":{"line":13,"column":8},"end":{"line":16,"column":11}},"11":{"start":{"line":14,"column":12},"end":{"line":14,"column":62}},"12":{"start":{"line":15,"column":12},"end":{"line":15,"column":36}},"13":{"start":{"line":20,"column":0},"end":{"line":38,"column":1}},"14":{"start":{"line":21,"column":4},"end":{"line":21,"column":50}},"15":{"start":{"line":22,"column":4},"end":{"line":22,"column":202}},"16":{"start":{"line":23,"column":4},"end":{"line":23,"column":89}},"17":{"start":{"line":24,"column":4},"end":{"line":24,"column":55}},"18":{"start":{"line":25,"column":4},"end":{"line":37,"column":7}},"19":{"start":{"line":26,"column":8},"end":{"line":29,"column":9}},"20":{"start":{"line":27,"column":12},"end":{"line":27,"column":58}},"21":{"start":{"line":28,"column":12},"end":{"line":28,"column":32}},"22":{"start":{"line":30,"column":8},"end":{"line":36,"column":9}},"23":{"start":{"line":31,"column":12},"end":{"line":31,"column":36}},"24":{"start":{"line":32,"column":12},"end":{"line":32,"column":42}},"25":{"start":{"line":34,"column":12},"end":{"line":34,"column":56}},"26":{"start":{"line":35,"column":12},"end":{"line":35,"column":32}},"27":{"start":{"line":40,"column":0},"end":{"line":46,"column":2}},"28":{"start":{"line":41,"column":4},"end":{"line":45,"column":5}},"29":{"start":{"line":43,"column":12},"end":{"line":43,"column":45}}},"branchMap":{"1":{"line":10,"type":"cond-expr","locations":[{"start":{"line":10,"column":24},"end":{"line":10,"column":64}},{"start":{"line":10,"column":67},"end":{"line":10,"column":69}}]},"2":{"line":21,"type":"cond-expr","locations":[{"start":{"line":21,"column":18},"end":{"line":21,"column":22}},{"start":{"line":21,"column":25},"end":{"line":21,"column":49}}]},"3":{"line":23,"type":"cond-expr","locations":[{"start":{"line":23,"column":53},"end":{"line":23,"column":64}},{"start":{"line":23,"column":67},"end":{"line":23,"column":88}}]},"4":{"line":26,"type":"if","locations":[{"start":{"line":26,"column":8},"end":{"line":26,"column":8}},{"start":{"line":26,"column":8},"end":{"line":26,"column":8}}]}}},"/Users/lanza/Desktop/DEV/zintro/all/strangler-new/routes/zipreporter/xml_feed.js":{"path":"/Users/lanza/Desktop/DEV/zintro/all/strangler-new/routes/zipreporter/xml_feed.js","s":{"1":1,"2":1,"3":1,"4":1,"5":1,"6":1,"7":1,"8":1,"9":1,"10":1,"11":1,"12":1,"13":1,"14":1,"15":1,"16":1,"17":1,"18":1,"19":1,"20":1,"21":1,"22":1,"23":0,"24":0,"25":0,"26":0,"27":1,"28":1,"29":1,"30":1,"31":0,"32":1,"33":1,"34":1,"35":1,"36":1,"37":1,"38":1,"39":1,"40":1,"41":1,"42":1,"43":1,"44":1,"45":1,"46":1,"47":1,"48":1,"49":0,"50":0,"51":0,"52":0,"53":0,"54":0,"55":0,"56":1,"57":1,"58":1,"59":1,"60":0,"61":0,"62":0,"63":0,"64":1,"65":1,"66":1,"67":1,"68":1,"69":1,"70":1,"71":1,"72":0,"73":1,"74":1,"75":1,"76":1,"77":1,"78":1,"79":1,"80":0,"81":0,"82":0,"83":1,"84":0,"85":0,"86":0,"87":1,"88":0,"89":0,"90":0,"91":0,"92":0,"93":0,"94":0,"95":0,"96":0,"97":0,"98":0,"99":0,"100":0,"101":0,"102":0,"103":0,"104":0,"105":0,"106":0,"107":0,"108":0,"109":0,"110":0,"111":0,"112":0,"113":0,"114":0,"115":0,"116":0,"117":0,"118":0,"119":0,"120":0,"121":0,"122":1,"123":0,"124":0,"125":0,"126":1,"127":0,"128":0,"129":0,"130":0,"131":0,"132":0,"133":0,"134":0,"135":0,"136":0,"137":0,"138":0,"139":0,"140":0,"141":0,"142":0,"143":0,"144":0,"145":0,"146":0,"147":0,"148":0,"149":0,"150":1,"151":2,"152":1,"153":1,"154":1,"155":1},"b":{"1":[1,0],"2":[0,1],"3":[1,1,1],"4":[1,0],"5":[1,0],"6":[1,0],"7":[0,1],"8":[0,0],"9":[0,0],"10":[1,0],"11":[0,0],"12":[0,0],"13":[0,0],"14":[0,0],"15":[0,0],"16":[0,0],"17":[0,0,0]},"f":{"1":1,"2":1,"3":1,"4":1,"5":1,"6":1,"7":1,"8":1,"9":1,"10":1,"11":0,"12":0,"13":0,"14":0,"15":0,"16":0,"17":0,"18":0,"19":0,"20":0,"21":0,"22":0,"23":2,"24":1},"fnMap":{"1":{"name":"get_zipalerts_jobs_query","line":9,"loc":{"start":{"line":9,"column":0},"end":{"line":9,"column":52}}},"2":{"name":"(anonymous_2)","line":28,"loc":{"start":{"line":28,"column":81},"end":{"line":28,"column":96}}},"3":{"name":"_get_zip","line":32,"loc":{"start":{"line":32,"column":0},"end":{"line":32,"column":28}}},"4":{"name":"(anonymous_4)","line":34,"loc":{"start":{"line":34,"column":29},"end":{"line":34,"column":45}}},"5":{"name":"(anonymous_5)","line":35,"loc":{"start":{"line":35,"column":21},"end":{"line":35,"column":36}}},"6":{"name":"get_indeed_jobs_query","line":74,"loc":{"start":{"line":74,"column":0},"end":{"line":74,"column":49}}},"7":{"name":"(anonymous_7)","line":93,"loc":{"start":{"line":93,"column":81},"end":{"line":93,"column":96}}},"8":{"name":"_get_indeed","line":97,"loc":{"start":{"line":97,"column":0},"end":{"line":97,"column":31}}},"9":{"name":"(anonymous_9)","line":99,"loc":{"start":{"line":99,"column":26},"end":{"line":99,"column":42}}},"10":{"name":"(anonymous_10)","line":100,"loc":{"start":{"line":100,"column":21},"end":{"line":100,"column":36}}},"11":{"name":"get_ladders_jobs_query","line":155,"loc":{"start":{"line":155,"column":0},"end":{"line":155,"column":42}}},"12":{"name":"(anonymous_12)","line":171,"loc":{"start":{"line":171,"column":96},"end":{"line":171,"column":111}}},"13":{"name":"_get_ladders","line":175,"loc":{"start":{"line":175,"column":0},"end":{"line":175,"column":32}}},"14":{"name":"(anonymous_14)","line":176,"loc":{"start":{"line":176,"column":31},"end":{"line":176,"column":45}}},"15":{"name":"_get_ladders_xml","line":182,"loc":{"start":{"line":182,"column":0},"end":{"line":182,"column":46}}},"16":{"name":"(anonymous_16)","line":187,"loc":{"start":{"line":187,"column":27},"end":{"line":187,"column":43}}},"17":{"name":"(anonymous_17)","line":188,"loc":{"start":{"line":188,"column":21},"end":{"line":188,"column":36}}},"18":{"name":"get_biospace_jobs_query","line":253,"loc":{"start":{"line":253,"column":0},"end":{"line":253,"column":43}}},"19":{"name":"(anonymous_19)","line":270,"loc":{"start":{"line":270,"column":98},"end":{"line":270,"column":113}}},"20":{"name":"_get_biospace","line":274,"loc":{"start":{"line":274,"column":0},"end":{"line":274,"column":33}}},"21":{"name":"(anonymous_21)","line":279,"loc":{"start":{"line":279,"column":28},"end":{"line":279,"column":44}}},"22":{"name":"(anonymous_22)","line":280,"loc":{"start":{"line":280,"column":21},"end":{"line":280,"column":36}}},"23":{"name":"(anonymous_23)","line":313,"loc":{"start":{"line":313,"column":17},"end":{"line":313,"column":29}}},"24":{"name":"(anonymous_24)","line":315,"loc":{"start":{"line":315,"column":19},"end":{"line":315,"column":34}}}},"statementMap":{"1":{"start":{"line":3,"column":0},"end":{"line":3,"column":26}},"2":{"start":{"line":4,"column":0},"end":{"line":4,"column":32}},"3":{"start":{"line":5,"column":0},"end":{"line":5,"column":31}},"4":{"start":{"line":7,"column":0},"end":{"line":7,"column":79}},"5":{"start":{"line":9,"column":0},"end":{"line":31,"column":1}},"6":{"start":{"line":10,"column":4},"end":{"line":26,"column":121}},"7":{"start":{"line":28,"column":4},"end":{"line":30,"column":7}},"8":{"start":{"line":29,"column":8},"end":{"line":29,"column":30}},"9":{"start":{"line":32,"column":0},"end":{"line":71,"column":1}},"10":{"start":{"line":33,"column":4},"end":{"line":33,"column":32}},"11":{"start":{"line":34,"column":4},"end":{"line":70,"column":14}},"12":{"start":{"line":35,"column":8},"end":{"line":66,"column":11}},"13":{"start":{"line":36,"column":12},"end":{"line":36,"column":74}},"14":{"start":{"line":37,"column":12},"end":{"line":37,"column":69}},"15":{"start":{"line":38,"column":12},"end":{"line":54,"column":13}},"16":{"start":{"line":39,"column":16},"end":{"line":45,"column":17}},"17":{"start":{"line":41,"column":20},"end":{"line":41,"column":150}},"18":{"start":{"line":42,"column":20},"end":{"line":42,"column":40}},"19":{"start":{"line":43,"column":20},"end":{"line":43,"column":48}},"20":{"start":{"line":44,"column":20},"end":{"line":44,"column":39}},"21":{"start":{"line":46,"column":16},"end":{"line":48,"column":17}},"22":{"start":{"line":47,"column":20},"end":{"line":47,"column":54}},"23":{"start":{"line":50,"column":16},"end":{"line":50,"column":32}},"24":{"start":{"line":51,"column":16},"end":{"line":51,"column":33}},"25":{"start":{"line":52,"column":16},"end":{"line":52,"column":35}},"26":{"start":{"line":53,"column":16},"end":{"line":53,"column":109}},"27":{"start":{"line":56,"column":12},"end":{"line":56,"column":79}},"28":{"start":{"line":58,"column":12},"end":{"line":63,"column":13}},"29":{"start":{"line":59,"column":13},"end":{"line":59,"column":45}},"30":{"start":{"line":60,"column":4},"end":{"line":60,"column":34}},"31":{"start":{"line":62,"column":13},"end":{"line":62,"column":30}},"32":{"start":{"line":65,"column":12},"end":{"line":65,"column":31}},"33":{"start":{"line":67,"column":8},"end":{"line":67,"column":34}},"34":{"start":{"line":68,"column":8},"end":{"line":68,"column":44}},"35":{"start":{"line":69,"column":8},"end":{"line":69,"column":57}},"36":{"start":{"line":74,"column":0},"end":{"line":96,"column":1}},"37":{"start":{"line":75,"column":4},"end":{"line":91,"column":121}},"38":{"start":{"line":93,"column":4},"end":{"line":95,"column":7}},"39":{"start":{"line":94,"column":8},"end":{"line":94,"column":30}},"40":{"start":{"line":97,"column":0},"end":{"line":152,"column":1}},"41":{"start":{"line":98,"column":4},"end":{"line":98,"column":39}},"42":{"start":{"line":99,"column":4},"end":{"line":151,"column":14}},"43":{"start":{"line":100,"column":8},"end":{"line":142,"column":11}},"44":{"start":{"line":101,"column":12},"end":{"line":101,"column":32}},"45":{"start":{"line":102,"column":12},"end":{"line":102,"column":84}},"46":{"start":{"line":103,"column":12},"end":{"line":103,"column":78}},"47":{"start":{"line":104,"column":12},"end":{"line":128,"column":13}},"48":{"start":{"line":105,"column":16},"end":{"line":122,"column":17}},"49":{"start":{"line":106,"column":20},"end":{"line":110,"column":21}},"50":{"start":{"line":107,"column":24},"end":{"line":107,"column":57}},"51":{"start":{"line":109,"column":25},"end":{"line":109,"column":41}},"52":{"start":{"line":111,"column":20},"end":{"line":115,"column":21}},"53":{"start":{"line":112,"column":24},"end":{"line":112,"column":59}},"54":{"start":{"line":114,"column":24},"end":{"line":114,"column":41}},"55":{"start":{"line":116,"column":20},"end":{"line":116,"column":59}},"56":{"start":{"line":118,"column":20},"end":{"line":118,"column":150}},"57":{"start":{"line":119,"column":20},"end":{"line":119,"column":49}},"58":{"start":{"line":120,"column":20},"end":{"line":120,"column":36}},"59":{"start":{"line":121,"column":20},"end":{"line":121,"column":37}},"60":{"start":{"line":124,"column":16},"end":{"line":124,"column":32}},"61":{"start":{"line":125,"column":16},"end":{"line":125,"column":33}},"62":{"start":{"line":126,"column":16},"end":{"line":126,"column":44}},"63":{"start":{"line":127,"column":16},"end":{"line":127,"column":109}},"64":{"start":{"line":130,"column":12},"end":{"line":130,"column":31}},"65":{"start":{"line":131,"column":12},"end":{"line":131,"column":46}},"66":{"start":{"line":132,"column":12},"end":{"line":132,"column":66}},"67":{"start":{"line":133,"column":12},"end":{"line":133,"column":92}},"68":{"start":{"line":134,"column":12},"end":{"line":134,"column":51}},"69":{"start":{"line":136,"column":12},"end":{"line":141,"column":13}},"70":{"start":{"line":137,"column":16},"end":{"line":137,"column":48}},"71":{"start":{"line":138,"column":16},"end":{"line":138,"column":46}},"72":{"start":{"line":140,"column":16},"end":{"line":140,"column":33}},"73":{"start":{"line":144,"column":8},"end":{"line":144,"column":22}},"74":{"start":{"line":145,"column":8},"end":{"line":145,"column":48}},"75":{"start":{"line":146,"column":8},"end":{"line":146,"column":62}},"76":{"start":{"line":147,"column":8},"end":{"line":147,"column":24}},"77":{"start":{"line":148,"column":8},"end":{"line":148,"column":44}},"78":{"start":{"line":149,"column":8},"end":{"line":149,"column":57}},"79":{"start":{"line":155,"column":0},"end":{"line":174,"column":1}},"80":{"start":{"line":156,"column":4},"end":{"line":169,"column":129}},"81":{"start":{"line":171,"column":4},"end":{"line":173,"column":7}},"82":{"start":{"line":172,"column":8},"end":{"line":172,"column":30}},"83":{"start":{"line":175,"column":0},"end":{"line":181,"column":1}},"84":{"start":{"line":176,"column":4},"end":{"line":180,"column":7}},"85":{"start":{"line":177,"column":8},"end":{"line":179,"column":9}},"86":{"start":{"line":178,"column":12},"end":{"line":178,"column":45}},"87":{"start":{"line":182,"column":0},"end":{"line":251,"column":1}},"88":{"start":{"line":183,"column":4},"end":{"line":183,"column":39}},"89":{"start":{"line":185,"column":4},"end":{"line":185,"column":24}},"90":{"start":{"line":187,"column":4},"end":{"line":250,"column":7}},"91":{"start":{"line":188,"column":8},"end":{"line":243,"column":11}},"92":{"start":{"line":190,"column":12},"end":{"line":190,"column":31}},"93":{"start":{"line":191,"column":12},"end":{"line":191,"column":46}},"94":{"start":{"line":193,"column":12},"end":{"line":197,"column":13}},"95":{"start":{"line":199,"column":12},"end":{"line":202,"column":14}},"96":{"start":{"line":204,"column":12},"end":{"line":206,"column":14}},"97":{"start":{"line":208,"column":12},"end":{"line":210,"column":14}},"98":{"start":{"line":212,"column":12},"end":{"line":212,"column":73}},"99":{"start":{"line":213,"column":12},"end":{"line":213,"column":93}},"100":{"start":{"line":214,"column":12},"end":{"line":214,"column":116}},"101":{"start":{"line":215,"column":12},"end":{"line":215,"column":107}},"102":{"start":{"line":217,"column":12},"end":{"line":230,"column":13}},"103":{"start":{"line":218,"column":16},"end":{"line":225,"column":17}},"104":{"start":{"line":219,"column":20},"end":{"line":219,"column":124}},"105":{"start":{"line":220,"column":20},"end":{"line":220,"column":115}},"106":{"start":{"line":222,"column":20},"end":{"line":222,"column":128}},"107":{"start":{"line":223,"column":20},"end":{"line":223,"column":117}},"108":{"start":{"line":224,"column":20},"end":{"line":224,"column":110}},"109":{"start":{"line":227,"column":16},"end":{"line":227,"column":113}},"110":{"start":{"line":228,"column":16},"end":{"line":228,"column":106}},"111":{"start":{"line":229,"column":16},"end":{"line":229,"column":105}},"112":{"start":{"line":232,"column":12},"end":{"line":234,"column":14}},"113":{"start":{"line":236,"column":12},"end":{"line":236,"column":137}},"114":{"start":{"line":238,"column":12},"end":{"line":238,"column":46}},"115":{"start":{"line":239,"column":12},"end":{"line":239,"column":52}},"116":{"start":{"line":240,"column":12},"end":{"line":240,"column":116}},"117":{"start":{"line":242,"column":12},"end":{"line":242,"column":39}},"118":{"start":{"line":245,"column":8},"end":{"line":245,"column":44}},"119":{"start":{"line":246,"column":8},"end":{"line":246,"column":22}},"120":{"start":{"line":248,"column":8},"end":{"line":248,"column":42}},"121":{"start":{"line":249,"column":8},"end":{"line":249,"column":42}},"122":{"start":{"line":253,"column":0},"end":{"line":273,"column":1}},"123":{"start":{"line":254,"column":4},"end":{"line":268,"column":129}},"124":{"start":{"line":270,"column":4},"end":{"line":272,"column":7}},"125":{"start":{"line":271,"column":8},"end":{"line":271,"column":30}},"126":{"start":{"line":274,"column":0},"end":{"line":310,"column":1}},"127":{"start":{"line":275,"column":4},"end":{"line":275,"column":41}},"128":{"start":{"line":277,"column":4},"end":{"line":277,"column":24}},"129":{"start":{"line":279,"column":4},"end":{"line":309,"column":7}},"130":{"start":{"line":280,"column":8},"end":{"line":303,"column":11}},"131":{"start":{"line":282,"column":12},"end":{"line":290,"column":13}},"132":{"start":{"line":283,"column":16},"end":{"line":287,"column":17}},"133":{"start":{"line":284,"column":20},"end":{"line":284,"column":97}},"134":{"start":{"line":286,"column":20},"end":{"line":286,"column":44}},"135":{"start":{"line":289,"column":16},"end":{"line":289,"column":40}},"136":{"start":{"line":292,"column":12},"end":{"line":292,"column":78}},"137":{"start":{"line":293,"column":12},"end":{"line":293,"column":84}},"138":{"start":{"line":294,"column":12},"end":{"line":294,"column":91}},"139":{"start":{"line":295,"column":12},"end":{"line":295,"column":46}},"140":{"start":{"line":296,"column":12},"end":{"line":296,"column":44}},"141":{"start":{"line":297,"column":12},"end":{"line":297,"column":44}},"142":{"start":{"line":299,"column":12},"end":{"line":299,"column":31}},"143":{"start":{"line":300,"column":12},"end":{"line":300,"column":28}},"144":{"start":{"line":301,"column":12},"end":{"line":301,"column":29}},"145":{"start":{"line":302,"column":12},"end":{"line":302,"column":31}},"146":{"start":{"line":305,"column":8},"end":{"line":305,"column":22}},"147":{"start":{"line":306,"column":8},"end":{"line":306,"column":24}},"148":{"start":{"line":307,"column":8},"end":{"line":307,"column":44}},"149":{"start":{"line":308,"column":8},"end":{"line":308,"column":57}},"150":{"start":{"line":313,"column":0},"end":{"line":323,"column":2}},"151":{"start":{"line":314,"column":4},"end":{"line":322,"column":5}},"152":{"start":{"line":316,"column":12},"end":{"line":316,"column":54}},"153":{"start":{"line":317,"column":12},"end":{"line":317,"column":60}},"154":{"start":{"line":318,"column":12},"end":{"line":318,"column":62}},"155":{"start":{"line":319,"column":12},"end":{"line":319,"column":64}}},"branchMap":{"1":{"line":38,"type":"if","locations":[{"start":{"line":38,"column":12},"end":{"line":38,"column":12}},{"start":{"line":38,"column":12},"end":{"line":38,"column":12}}]},"2":{"line":39,"type":"if","locations":[{"start":{"line":39,"column":16},"end":{"line":39,"column":16}},{"start":{"line":39,"column":16},"end":{"line":39,"column":16}}]},"3":{"line":39,"type":"binary-expr","locations":[{"start":{"line":39,"column":20},"end":{"line":39,"column":28}},{"start":{"line":39,"column":32},"end":{"line":39,"column":41}},{"start":{"line":39,"column":46},"end":{"line":39,"column":66}}]},"4":{"line":46,"type":"if","locations":[{"start":{"line":46,"column":16},"end":{"line":46,"column":16}},{"start":{"line":46,"column":16},"end":{"line":46,"column":16}}]},"5":{"line":58,"type":"if","locations":[{"start":{"line":58,"column":12},"end":{"line":58,"column":12}},{"start":{"line":58,"column":12},"end":{"line":58,"column":12}}]},"6":{"line":104,"type":"if","locations":[{"start":{"line":104,"column":12},"end":{"line":104,"column":12}},{"start":{"line":104,"column":12},"end":{"line":104,"column":12}}]},"7":{"line":105,"type":"if","locations":[{"start":{"line":105,"column":16},"end":{"line":105,"column":16}},{"start":{"line":105,"column":16},"end":{"line":105,"column":16}}]},"8":{"line":106,"type":"if","locations":[{"start":{"line":106,"column":20},"end":{"line":106,"column":20}},{"start":{"line":106,"column":20},"end":{"line":106,"column":20}}]},"9":{"line":111,"type":"if","locations":[{"start":{"line":111,"column":20},"end":{"line":111,"column":20}},{"start":{"line":111,"column":20},"end":{"line":111,"column":20}}]},"10":{"line":136,"type":"if","locations":[{"start":{"line":136,"column":12},"end":{"line":136,"column":12}},{"start":{"line":136,"column":12},"end":{"line":136,"column":12}}]},"11":{"line":177,"type":"if","locations":[{"start":{"line":177,"column":8},"end":{"line":177,"column":8}},{"start":{"line":177,"column":8},"end":{"line":177,"column":8}}]},"12":{"line":217,"type":"if","locations":[{"start":{"line":217,"column":12},"end":{"line":217,"column":12}},{"start":{"line":217,"column":12},"end":{"line":217,"column":12}}]},"13":{"line":218,"type":"if","locations":[{"start":{"line":218,"column":16},"end":{"line":218,"column":16}},{"start":{"line":218,"column":16},"end":{"line":218,"column":16}}]},"14":{"line":218,"type":"binary-expr","locations":[{"start":{"line":218,"column":20},"end":{"line":218,"column":29}},{"start":{"line":218,"column":34},"end":{"line":218,"column":54}}]},"15":{"line":282,"type":"if","locations":[{"start":{"line":282,"column":12},"end":{"line":282,"column":12}},{"start":{"line":282,"column":12},"end":{"line":282,"column":12}}]},"16":{"line":283,"type":"if","locations":[{"start":{"line":283,"column":16},"end":{"line":283,"column":16}},{"start":{"line":283,"column":16},"end":{"line":283,"column":16}}]},"17":{"line":283,"type":"binary-expr","locations":[{"start":{"line":283,"column":19},"end":{"line":283,"column":27}},{"start":{"line":283,"column":31},"end":{"line":283,"column":40}},{"start":{"line":283,"column":44},"end":{"line":283,"column":55}}]}}},"/Users/lanza/Desktop/DEV/zintro/all/strangler-new/routes/linkredirector/link_redirector.js":{"path":"/Users/lanza/Desktop/DEV/zintro/all/strangler-new/routes/linkredirector/link_redirector.js","s":{"1":1,"2":1,"3":1,"4":1,"5":1,"6":1,"7":1,"8":1,"9":2,"10":2,"11":1,"12":1,"13":1,"14":1,"15":1,"16":1,"17":1,"18":1,"19":1,"20":1,"21":1,"22":1,"23":1,"24":1,"25":1,"26":1},"b":{"1":[1,1],"2":[1,0],"3":[1,1],"4":[1,0]},"f":{"1":2,"2":1,"3":1,"4":1},"fnMap":{"1":{"name":"_get","line":14,"loc":{"start":{"line":14,"column":0},"end":{"line":14,"column":24}}},"2":{"name":"_open_tracking_get","line":28,"loc":{"start":{"line":28,"column":0},"end":{"line":28,"column":38}}},"3":{"name":"(anonymous_3)","line":104,"loc":{"start":{"line":104,"column":17},"end":{"line":104,"column":29}}},"4":{"name":"(anonymous_4)","line":106,"loc":{"start":{"line":106,"column":19},"end":{"line":106,"column":34}}}},"statementMap":{"1":{"start":{"line":3,"column":0},"end":{"line":3,"column":26}},"2":{"start":{"line":4,"column":0},"end":{"line":4,"column":33}},"3":{"start":{"line":5,"column":0},"end":{"line":5,"column":29}},"4":{"start":{"line":7,"column":0},"end":{"line":7,"column":20}},"5":{"start":{"line":8,"column":0},"end":{"line":8,"column":20}},"6":{"start":{"line":9,"column":0},"end":{"line":9,"column":57}},"7":{"start":{"line":10,"column":0},"end":{"line":10,"column":59}},"8":{"start":{"line":14,"column":0},"end":{"line":26,"column":1}},"9":{"start":{"line":15,"column":4},"end":{"line":15,"column":42}},"10":{"start":{"line":16,"column":4},"end":{"line":25,"column":5}},"11":{"start":{"line":17,"column":8},"end":{"line":21,"column":9}},"12":{"start":{"line":18,"column":12},"end":{"line":18,"column":49}},"13":{"start":{"line":19,"column":12},"end":{"line":19,"column":84}},"14":{"start":{"line":22,"column":8},"end":{"line":22,"column":72}},"15":{"start":{"line":24,"column":8},"end":{"line":24,"column":38}},"16":{"start":{"line":28,"column":0},"end":{"line":41,"column":1}},"17":{"start":{"line":29,"column":4},"end":{"line":33,"column":5}},"18":{"start":{"line":30,"column":8},"end":{"line":30,"column":45}},"19":{"start":{"line":31,"column":8},"end":{"line":31,"column":79}},"20":{"start":{"line":34,"column":4},"end":{"line":38,"column":39}},"21":{"start":{"line":39,"column":4},"end":{"line":39,"column":55}},"22":{"start":{"line":40,"column":4},"end":{"line":40,"column":27}},"23":{"start":{"line":104,"column":0},"end":{"line":111,"column":2}},"24":{"start":{"line":105,"column":4},"end":{"line":110,"column":5}},"25":{"start":{"line":107,"column":12},"end":{"line":107,"column":44}},"26":{"start":{"line":108,"column":12},"end":{"line":108,"column":63}}},"branchMap":{"1":{"line":16,"type":"if","locations":[{"start":{"line":16,"column":4},"end":{"line":16,"column":4}},{"start":{"line":16,"column":4},"end":{"line":16,"column":4}}]},"2":{"line":17,"type":"if","locations":[{"start":{"line":17,"column":8},"end":{"line":17,"column":8}},{"start":{"line":17,"column":8},"end":{"line":17,"column":8}}]},"3":{"line":17,"type":"binary-expr","locations":[{"start":{"line":17,"column":12},"end":{"line":17,"column":28}},{"start":{"line":17,"column":32},"end":{"line":17,"column":78}}]},"4":{"line":29,"type":"if","locations":[{"start":{"line":29,"column":4},"end":{"line":29,"column":4}},{"start":{"line":29,"column":4},"end":{"line":29,"column":4}}]}}},"/Users/lanza/Desktop/DEV/zintro/all/strangler-new/routes/admin/groups.js":{"path":"/Users/lanza/Desktop/DEV/zintro/all/strangler-new/routes/admin/groups.js","s":{"1":1,"2":1,"3":1,"4":1,"5":1,"6":1,"7":0,"8":0,"9":0,"10":1,"11":0,"12":0,"13":0,"14":0,"15":0,"16":0,"17":0,"18":0,"19":0,"20":1,"21":0,"22":0,"23":0,"24":0,"25":1,"26":0,"27":0,"28":0,"29":0,"30":0,"31":0,"32":0,"33":0,"34":0,"35":0,"36":0,"37":0,"38":0,"39":0,"40":0,"41":0,"42":0,"43":0,"44":0,"45":0,"46":0,"47":1,"48":0,"49":0,"50":0,"51":0,"52":0,"53":0,"54":0,"55":0,"56":0,"57":0,"58":0,"59":0,"60":0,"61":0,"62":0,"63":0,"64":0,"65":0,"66":0,"67":0,"68":0,"69":0,"70":0,"71":0,"72":0,"73":0,"74":0,"75":0,"76":1,"77":0,"78":0,"79":1,"80":0,"81":0,"82":0,"83":0,"84":0,"85":0,"86":0,"87":0,"88":0,"89":0,"90":0,"91":0,"92":0,"93":0,"94":0,"95":1,"96":0,"97":0,"98":0,"99":0,"100":0,"101":0,"102":0,"103":0,"104":0,"105":0,"106":0,"107":0,"108":0,"109":0,"110":0,"111":0,"112":0,"113":0,"114":0,"115":0,"116":0,"117":0,"118":0,"119":0,"120":0,"121":0,"122":0,"123":0,"124":0,"125":0,"126":0,"127":0,"128":0,"129":1,"130":0,"131":0,"132":0,"133":0,"134":0,"135":0,"136":0,"137":0,"138":0,"139":0,"140":0,"141":0,"142":0,"143":0,"144":0,"145":0,"146":0,"147":0,"148":0,"149":0,"150":0,"151":0,"152":1,"153":0,"154":0,"155":0,"156":0,"157":0,"158":0,"159":0,"160":0,"161":0,"162":0,"163":0,"164":0,"165":0,"166":0,"167":0,"168":0,"169":1,"170":0,"171":0,"172":0,"173":0,"174":0,"175":0,"176":0,"177":0,"178":0,"179":0,"180":0,"181":0,"182":0,"183":0,"184":0,"185":0,"186":0,"187":0,"188":0,"189":0,"190":0,"191":0,"192":0,"193":1,"194":0,"195":0,"196":0,"197":1,"198":0,"199":0,"200":0,"201":0,"202":0,"203":1,"204":0,"205":0,"206":0,"207":0,"208":0,"209":0,"210":0,"211":0,"212":0,"213":1,"214":0,"215":0,"216":1,"217":0,"218":0,"219":0,"220":0,"221":0,"222":0,"223":0,"224":0,"225":0,"226":0,"227":0,"228":0,"229":0,"230":0,"231":1,"232":1,"233":1,"234":1,"235":1,"236":1,"237":1,"238":1,"239":1,"240":1,"241":1},"b":{"1":[0,0],"2":[0,0],"3":[0,0],"4":[0,0],"5":[0,0],"6":[0,0],"7":[0,0],"8":[0,0],"9":[0,0],"10":[0,0],"11":[0,0],"12":[0,0],"13":[0,0],"14":[0,0],"15":[0,0],"16":[0,0],"17":[0,0],"18":[0,0],"19":[0,0],"20":[0,0],"21":[0,0],"22":[0,0],"23":[0,0],"24":[0,0],"25":[0,0],"26":[0,0],"27":[0,0],"28":[0,0]},"f":{"1":0,"2":0,"3":0,"4":0,"5":0,"6":0,"7":0,"8":0,"9":0,"10":0,"11":0,"12":0,"13":0,"14":0,"15":0,"16":0,"17":0,"18":0,"19":0,"20":0,"21":0,"22":0,"23":0,"24":0,"25":0,"26":0,"27":0,"28":0,"29":0,"30":0,"31":0,"32":0,"33":0,"34":0,"35":0,"36":0,"37":0,"38":0,"39":0,"40":0,"41":0,"42":0,"43":0,"44":0,"45":0,"46":0,"47":0,"48":0,"49":0,"50":0,"51":0,"52":0,"53":0,"54":0,"55":0,"56":0,"57":0,"58":0,"59":0,"60":0,"61":0,"62":0,"63":0,"64":0,"65":0,"66":0,"67":0,"68":0,"69":0,"70":0,"71":0,"72":0,"73":0,"74":1,"75":1},"fnMap":{"1":{"name":"_get","line":11,"loc":{"start":{"line":11,"column":0},"end":{"line":11,"column":24}}},"2":{"name":"_get_list","line":17,"loc":{"start":{"line":17,"column":0},"end":{"line":17,"column":29}}},"3":{"name":"(anonymous_3)","line":23,"loc":{"start":{"line":23,"column":97},"end":{"line":23,"column":124}}},"4":{"name":"(anonymous_4)","line":26,"loc":{"start":{"line":26,"column":107},"end":{"line":26,"column":128}}},"5":{"name":"_get_group","line":33,"loc":{"start":{"line":33,"column":0},"end":{"line":33,"column":30}}},"6":{"name":"_get_new_group","line":42,"loc":{"start":{"line":42,"column":0},"end":{"line":42,"column":34}}},"7":{"name":"(anonymous_7)","line":53,"loc":{"start":{"line":53,"column":8},"end":{"line":53,"column":27}}},"8":{"name":"(anonymous_8)","line":54,"loc":{"start":{"line":54,"column":97},"end":{"line":54,"column":124}}},"9":{"name":"(anonymous_9)","line":59,"loc":{"start":{"line":59,"column":8},"end":{"line":59,"column":27}}},"10":{"name":"(anonymous_10)","line":60,"loc":{"start":{"line":60,"column":94},"end":{"line":60,"column":121}}},"11":{"name":"(anonymous_11)","line":65,"loc":{"start":{"line":65,"column":8},"end":{"line":65,"column":27}}},"12":{"name":"(anonymous_12)","line":66,"loc":{"start":{"line":66,"column":94},"end":{"line":66,"column":121}}},"13":{"name":"(anonymous_13)","line":71,"loc":{"start":{"line":71,"column":8},"end":{"line":71,"column":22}}},"14":{"name":"_get_existing_one","line":83,"loc":{"start":{"line":83,"column":0},"end":{"line":83,"column":37}}},"15":{"name":"(anonymous_15)","line":89,"loc":{"start":{"line":89,"column":8},"end":{"line":89,"column":27}}},"16":{"name":"(anonymous_16)","line":90,"loc":{"start":{"line":90,"column":111},"end":{"line":90,"column":140}}},"17":{"name":"(anonymous_17)","line":95,"loc":{"start":{"line":95,"column":8},"end":{"line":95,"column":27}}},"18":{"name":"(anonymous_18)","line":97,"loc":{"start":{"line":97,"column":133},"end":{"line":97,"column":160}}},"19":{"name":"(anonymous_19)","line":107,"loc":{"start":{"line":107,"column":8},"end":{"line":107,"column":27}}},"20":{"name":"(anonymous_20)","line":108,"loc":{"start":{"line":108,"column":97},"end":{"line":108,"column":124}}},"21":{"name":"(anonymous_21)","line":113,"loc":{"start":{"line":113,"column":8},"end":{"line":113,"column":27}}},"22":{"name":"(anonymous_22)","line":114,"loc":{"start":{"line":114,"column":94},"end":{"line":114,"column":121}}},"23":{"name":"(anonymous_23)","line":119,"loc":{"start":{"line":119,"column":8},"end":{"line":119,"column":27}}},"24":{"name":"(anonymous_24)","line":120,"loc":{"start":{"line":120,"column":94},"end":{"line":120,"column":121}}},"25":{"name":"(anonymous_25)","line":125,"loc":{"start":{"line":125,"column":8},"end":{"line":125,"column":22}}},"26":{"name":"_get_group_user","line":137,"loc":{"start":{"line":137,"column":0},"end":{"line":137,"column":35}}},"27":{"name":"_get_existing_group_user","line":142,"loc":{"start":{"line":142,"column":0},"end":{"line":142,"column":44}}},"28":{"name":"(anonymous_28)","line":148,"loc":{"start":{"line":148,"column":8},"end":{"line":148,"column":27}}},"29":{"name":"(anonymous_29)","line":149,"loc":{"start":{"line":149,"column":123},"end":{"line":149,"column":150}}},"30":{"name":"(anonymous_30)","line":154,"loc":{"start":{"line":154,"column":8},"end":{"line":154,"column":27}}},"31":{"name":"(anonymous_31)","line":155,"loc":{"start":{"line":155,"column":127},"end":{"line":155,"column":154}}},"32":{"name":"(anonymous_32)","line":160,"loc":{"start":{"line":160,"column":8},"end":{"line":160,"column":22}}},"33":{"name":"_add_group_user","line":172,"loc":{"start":{"line":172,"column":0},"end":{"line":172,"column":35}}},"34":{"name":"(anonymous_34)","line":179,"loc":{"start":{"line":179,"column":93},"end":{"line":179,"column":113}}},"35":{"name":"(anonymous_35)","line":183,"loc":{"start":{"line":183,"column":16},"end":{"line":183,"column":35}}},"36":{"name":"(anonymous_36)","line":184,"loc":{"start":{"line":184,"column":114},"end":{"line":184,"column":141}}},"37":{"name":"(anonymous_37)","line":189,"loc":{"start":{"line":189,"column":108},"end":{"line":189,"column":139}}},"38":{"name":"(anonymous_38)","line":196,"loc":{"start":{"line":196,"column":16},"end":{"line":196,"column":35}}},"39":{"name":"(anonymous_39)","line":198,"loc":{"start":{"line":198,"column":124},"end":{"line":198,"column":161}}},"40":{"name":"(anonymous_40)","line":202,"loc":{"start":{"line":202,"column":16},"end":{"line":202,"column":35}}},"41":{"name":"(anonymous_41)","line":203,"loc":{"start":{"line":203,"column":141},"end":{"line":203,"column":178}}},"42":{"name":"(anonymous_42)","line":207,"loc":{"start":{"line":207,"column":16},"end":{"line":207,"column":30}}},"43":{"name":"_delete_group_user","line":229,"loc":{"start":{"line":229,"column":0},"end":{"line":229,"column":81}}},"44":{"name":"(anonymous_44)","line":242,"loc":{"start":{"line":242,"column":97},"end":{"line":242,"column":112}}},"45":{"name":"(anonymous_45)","line":245,"loc":{"start":{"line":245,"column":125},"end":{"line":245,"column":147}}},"46":{"name":"(anonymous_46)","line":254,"loc":{"start":{"line":254,"column":132},"end":{"line":254,"column":164}}},"47":{"name":"(anonymous_47)","line":255,"loc":{"start":{"line":255,"column":107},"end":{"line":255,"column":129}}},"48":{"name":"_save_credit_card","line":268,"loc":{"start":{"line":268,"column":0},"end":{"line":268,"column":48}}},"49":{"name":"(anonymous_49)","line":311,"loc":{"start":{"line":311,"column":21},"end":{"line":311,"column":52}}},"50":{"name":"_save_group","line":322,"loc":{"start":{"line":322,"column":0},"end":{"line":322,"column":32}}},"51":{"name":"(anonymous_51)","line":332,"loc":{"start":{"line":332,"column":19},"end":{"line":332,"column":39}}},"52":{"name":"(anonymous_52)","line":338,"loc":{"start":{"line":338,"column":131},"end":{"line":338,"column":155}}},"53":{"name":"(anonymous_53)","line":339,"loc":{"start":{"line":339,"column":178},"end":{"line":339,"column":205}}},"54":{"name":"(anonymous_54)","line":344,"loc":{"start":{"line":344,"column":44},"end":{"line":344,"column":55}}},"55":{"name":"_save_existing_group","line":360,"loc":{"start":{"line":360,"column":0},"end":{"line":360,"column":130}}},"56":{"name":"(anonymous_56)","line":362,"loc":{"start":{"line":362,"column":174},"end":{"line":362,"column":194}}},"57":{"name":"_save_new_group","line":367,"loc":{"start":{"line":367,"column":0},"end":{"line":367,"column":115}}},"58":{"name":"(anonymous_58)","line":369,"loc":{"start":{"line":369,"column":116},"end":{"line":369,"column":140}}},"59":{"name":"(anonymous_59)","line":372,"loc":{"start":{"line":372,"column":173},"end":{"line":372,"column":193}}},"60":{"name":"_delete_list_of_users","line":378,"loc":{"start":{"line":378,"column":0},"end":{"line":378,"column":73}}},"61":{"name":"(anonymous_61)","line":381,"loc":{"start":{"line":381,"column":22},"end":{"line":381,"column":37}}},"62":{"name":"(anonymous_62)","line":383,"loc":{"start":{"line":383,"column":56},"end":{"line":383,"column":67}}},"63":{"name":"_delete_fop_from_group","line":393,"loc":{"start":{"line":393,"column":0},"end":{"line":393,"column":61}}},"64":{"name":"(anonymous_64)","line":394,"loc":{"start":{"line":394,"column":116},"end":{"line":394,"column":142}}},"65":{"name":"_delete_group","line":399,"loc":{"start":{"line":399,"column":0},"end":{"line":399,"column":34}}},"66":{"name":"(anonymous_66)","line":404,"loc":{"start":{"line":404,"column":8},"end":{"line":404,"column":27}}},"67":{"name":"(anonymous_67)","line":405,"loc":{"start":{"line":405,"column":127},"end":{"line":405,"column":149}}},"68":{"name":"(anonymous_68)","line":407,"loc":{"start":{"line":407,"column":75},"end":{"line":407,"column":86}}},"69":{"name":"(anonymous_69)","line":415,"loc":{"start":{"line":415,"column":8},"end":{"line":415,"column":27}}},"70":{"name":"(anonymous_70)","line":416,"loc":{"start":{"line":416,"column":95},"end":{"line":416,"column":125}}},"71":{"name":"(anonymous_71)","line":421,"loc":{"start":{"line":421,"column":8},"end":{"line":421,"column":27}}},"72":{"name":"(anonymous_72)","line":422,"loc":{"start":{"line":422,"column":53},"end":{"line":422,"column":79}}},"73":{"name":"(anonymous_73)","line":426,"loc":{"start":{"line":426,"column":8},"end":{"line":426,"column":23}}},"74":{"name":"(anonymous_74)","line":432,"loc":{"start":{"line":432,"column":17},"end":{"line":432,"column":29}}},"75":{"name":"(anonymous_75)","line":434,"loc":{"start":{"line":434,"column":19},"end":{"line":434,"column":43}}}},"statementMap":{"1":{"start":{"line":3,"column":0},"end":{"line":3,"column":11}},"2":{"start":{"line":4,"column":0},"end":{"line":4,"column":26}},"3":{"start":{"line":5,"column":0},"end":{"line":5,"column":33}},"4":{"start":{"line":6,"column":0},"end":{"line":6,"column":29}},"5":{"start":{"line":7,"column":0},"end":{"line":9,"column":3}},"6":{"start":{"line":11,"column":0},"end":{"line":15,"column":1}},"7":{"start":{"line":12,"column":4},"end":{"line":12,"column":40}},"8":{"start":{"line":13,"column":4},"end":{"line":13,"column":87}},"9":{"start":{"line":14,"column":4},"end":{"line":14,"column":27}},"10":{"start":{"line":17,"column":0},"end":{"line":31,"column":1}},"11":{"start":{"line":18,"column":4},"end":{"line":18,"column":33}},"12":{"start":{"line":19,"column":4},"end":{"line":21,"column":5}},"13":{"start":{"line":20,"column":8},"end":{"line":20,"column":20}},"14":{"start":{"line":22,"column":4},"end":{"line":22,"column":65}},"15":{"start":{"line":23,"column":4},"end":{"line":30,"column":7}},"16":{"start":{"line":24,"column":8},"end":{"line":24,"column":80}},"17":{"start":{"line":26,"column":8},"end":{"line":29,"column":11}},"18":{"start":{"line":27,"column":12},"end":{"line":27,"column":66}},"19":{"start":{"line":28,"column":12},"end":{"line":28,"column":40}},"20":{"start":{"line":33,"column":0},"end":{"line":40,"column":1}},"21":{"start":{"line":34,"column":4},"end":{"line":34,"column":39}},"22":{"start":{"line":35,"column":4},"end":{"line":39,"column":5}},"23":{"start":{"line":36,"column":8},"end":{"line":36,"column":33}},"24":{"start":{"line":38,"column":8},"end":{"line":38,"column":36}},"25":{"start":{"line":42,"column":0},"end":{"line":81,"column":1}},"26":{"start":{"line":44,"column":4},"end":{"line":44,"column":17}},"27":{"start":{"line":45,"column":4},"end":{"line":45,"column":22}},"28":{"start":{"line":47,"column":4},"end":{"line":47,"column":18}},"29":{"start":{"line":48,"column":4},"end":{"line":48,"column":18}},"30":{"start":{"line":49,"column":4},"end":{"line":49,"column":45}},"31":{"start":{"line":50,"column":4},"end":{"line":50,"column":54}},"32":{"start":{"line":52,"column":4},"end":{"line":80,"column":6}},"33":{"start":{"line":54,"column":12},"end":{"line":57,"column":15}},"34":{"start":{"line":55,"column":16},"end":{"line":55,"column":78}},"35":{"start":{"line":56,"column":16},"end":{"line":56,"column":37}},"36":{"start":{"line":60,"column":12},"end":{"line":63,"column":15}},"37":{"start":{"line":61,"column":16},"end":{"line":61,"column":81}},"38":{"start":{"line":62,"column":16},"end":{"line":62,"column":37}},"39":{"start":{"line":66,"column":12},"end":{"line":69,"column":15}},"40":{"start":{"line":67,"column":16},"end":{"line":67,"column":81}},"41":{"start":{"line":68,"column":16},"end":{"line":68,"column":37}},"42":{"start":{"line":72,"column":12},"end":{"line":75,"column":13}},"43":{"start":{"line":73,"column":16},"end":{"line":73,"column":61}},"44":{"start":{"line":74,"column":16},"end":{"line":74,"column":46}},"45":{"start":{"line":77,"column":12},"end":{"line":77,"column":53}},"46":{"start":{"line":78,"column":12},"end":{"line":78,"column":71}},"47":{"start":{"line":83,"column":0},"end":{"line":135,"column":1}},"48":{"start":{"line":84,"column":4},"end":{"line":84,"column":39}},"49":{"start":{"line":85,"column":4},"end":{"line":85,"column":50}},"50":{"start":{"line":87,"column":4},"end":{"line":87,"column":22}},"51":{"start":{"line":88,"column":4},"end":{"line":134,"column":6}},"52":{"start":{"line":90,"column":12},"end":{"line":93,"column":15}},"53":{"start":{"line":91,"column":16},"end":{"line":91,"column":77}},"54":{"start":{"line":92,"column":16},"end":{"line":92,"column":37}},"55":{"start":{"line":96,"column":12},"end":{"line":96,"column":61}},"56":{"start":{"line":97,"column":12},"end":{"line":105,"column":15}},"57":{"start":{"line":98,"column":16},"end":{"line":100,"column":17}},"58":{"start":{"line":99,"column":20},"end":{"line":99,"column":80}},"59":{"start":{"line":101,"column":16},"end":{"line":103,"column":17}},"60":{"start":{"line":102,"column":20},"end":{"line":102,"column":83}},"61":{"start":{"line":104,"column":16},"end":{"line":104,"column":37}},"62":{"start":{"line":108,"column":12},"end":{"line":111,"column":15}},"63":{"start":{"line":109,"column":16},"end":{"line":109,"column":78}},"64":{"start":{"line":110,"column":16},"end":{"line":110,"column":37}},"65":{"start":{"line":114,"column":12},"end":{"line":117,"column":15}},"66":{"start":{"line":115,"column":16},"end":{"line":115,"column":81}},"67":{"start":{"line":116,"column":16},"end":{"line":116,"column":37}},"68":{"start":{"line":120,"column":12},"end":{"line":123,"column":15}},"69":{"start":{"line":121,"column":16},"end":{"line":121,"column":81}},"70":{"start":{"line":122,"column":16},"end":{"line":122,"column":37}},"71":{"start":{"line":126,"column":12},"end":{"line":129,"column":13}},"72":{"start":{"line":127,"column":16},"end":{"line":127,"column":66}},"73":{"start":{"line":128,"column":16},"end":{"line":128,"column":46}},"74":{"start":{"line":131,"column":12},"end":{"line":131,"column":53}},"75":{"start":{"line":132,"column":12},"end":{"line":132,"column":71}},"76":{"start":{"line":137,"column":0},"end":{"line":140,"column":1}},"77":{"start":{"line":138,"column":4},"end":{"line":138,"column":39}},"78":{"start":{"line":139,"column":4},"end":{"line":139,"column":39}},"79":{"start":{"line":142,"column":0},"end":{"line":170,"column":1}},"80":{"start":{"line":143,"column":4},"end":{"line":143,"column":39}},"81":{"start":{"line":144,"column":4},"end":{"line":144,"column":63}},"82":{"start":{"line":146,"column":4},"end":{"line":146,"column":22}},"83":{"start":{"line":147,"column":4},"end":{"line":169,"column":6}},"84":{"start":{"line":149,"column":12},"end":{"line":152,"column":15}},"85":{"start":{"line":150,"column":16},"end":{"line":150,"column":87}},"86":{"start":{"line":151,"column":16},"end":{"line":151,"column":37}},"87":{"start":{"line":155,"column":12},"end":{"line":158,"column":15}},"88":{"start":{"line":156,"column":16},"end":{"line":156,"column":78}},"89":{"start":{"line":157,"column":16},"end":{"line":157,"column":37}},"90":{"start":{"line":161,"column":12},"end":{"line":164,"column":13}},"91":{"start":{"line":162,"column":16},"end":{"line":162,"column":72}},"92":{"start":{"line":163,"column":16},"end":{"line":163,"column":46}},"93":{"start":{"line":166,"column":12},"end":{"line":166,"column":76}},"94":{"start":{"line":167,"column":12},"end":{"line":167,"column":69}},"95":{"start":{"line":172,"column":0},"end":{"line":227,"column":1}},"96":{"start":{"line":173,"column":4},"end":{"line":173,"column":16}},"97":{"start":{"line":174,"column":4},"end":{"line":174,"column":18}},"98":{"start":{"line":175,"column":4},"end":{"line":175,"column":33}},"99":{"start":{"line":176,"column":4},"end":{"line":176,"column":39}},"100":{"start":{"line":178,"column":4},"end":{"line":178,"column":69}},"101":{"start":{"line":179,"column":4},"end":{"line":226,"column":7}},"102":{"start":{"line":180,"column":8},"end":{"line":225,"column":9}},"103":{"start":{"line":181,"column":12},"end":{"line":181,"column":38}},"104":{"start":{"line":182,"column":12},"end":{"line":215,"column":14}},"105":{"start":{"line":184,"column":20},"end":{"line":194,"column":23}},"106":{"start":{"line":185,"column":24},"end":{"line":193,"column":25}},"107":{"start":{"line":186,"column":28},"end":{"line":186,"column":65}},"108":{"start":{"line":187,"column":28},"end":{"line":187,"column":49}},"109":{"start":{"line":189,"column":28},"end":{"line":192,"column":31}},"110":{"start":{"line":190,"column":32},"end":{"line":190,"column":66}},"111":{"start":{"line":191,"column":32},"end":{"line":191,"column":53}},"112":{"start":{"line":197,"column":20},"end":{"line":197,"column":87}},"113":{"start":{"line":198,"column":20},"end":{"line":200,"column":23}},"114":{"start":{"line":199,"column":24},"end":{"line":199,"column":45}},"115":{"start":{"line":203,"column":20},"end":{"line":205,"column":23}},"116":{"start":{"line":204,"column":24},"end":{"line":204,"column":45}},"117":{"start":{"line":208,"column":20},"end":{"line":211,"column":21}},"118":{"start":{"line":209,"column":24},"end":{"line":209,"column":70}},"119":{"start":{"line":210,"column":24},"end":{"line":210,"column":54}},"120":{"start":{"line":213,"column":20},"end":{"line":213,"column":55}},"121":{"start":{"line":217,"column":12},"end":{"line":217,"column":49}},"122":{"start":{"line":218,"column":12},"end":{"line":218,"column":49}},"123":{"start":{"line":219,"column":12},"end":{"line":219,"column":49}},"124":{"start":{"line":220,"column":12},"end":{"line":220,"column":49}},"125":{"start":{"line":221,"column":12},"end":{"line":221,"column":49}},"126":{"start":{"line":222,"column":12},"end":{"line":222,"column":49}},"127":{"start":{"line":223,"column":12},"end":{"line":223,"column":49}},"128":{"start":{"line":224,"column":12},"end":{"line":224,"column":49}},"129":{"start":{"line":229,"column":0},"end":{"line":266,"column":1}},"130":{"start":{"line":230,"column":4},"end":{"line":230,"column":18}},"131":{"start":{"line":231,"column":4},"end":{"line":231,"column":21}},"132":{"start":{"line":232,"column":4},"end":{"line":232,"column":37}},"133":{"start":{"line":233,"column":4},"end":{"line":233,"column":39}},"134":{"start":{"line":235,"column":4},"end":{"line":239,"column":5}},"135":{"start":{"line":236,"column":8},"end":{"line":236,"column":35}},"136":{"start":{"line":237,"column":8},"end":{"line":237,"column":33}},"137":{"start":{"line":238,"column":8},"end":{"line":238,"column":28}},"138":{"start":{"line":241,"column":4},"end":{"line":241,"column":75}},"139":{"start":{"line":242,"column":4},"end":{"line":265,"column":7}},"140":{"start":{"line":243,"column":8},"end":{"line":243,"column":38}},"141":{"start":{"line":245,"column":8},"end":{"line":264,"column":11}},"142":{"start":{"line":246,"column":12},"end":{"line":263,"column":13}},"143":{"start":{"line":247,"column":16},"end":{"line":247,"column":96}},"144":{"start":{"line":248,"column":16},"end":{"line":252,"column":17}},"145":{"start":{"line":249,"column":20},"end":{"line":249,"column":55}},"146":{"start":{"line":251,"column":20},"end":{"line":251,"column":38}},"147":{"start":{"line":254,"column":16},"end":{"line":262,"column":19}},"148":{"start":{"line":255,"column":20},"end":{"line":261,"column":23}},"149":{"start":{"line":256,"column":24},"end":{"line":260,"column":25}},"150":{"start":{"line":257,"column":28},"end":{"line":257,"column":63}},"151":{"start":{"line":259,"column":28},"end":{"line":259,"column":46}},"152":{"start":{"line":268,"column":0},"end":{"line":320,"column":1}},"153":{"start":{"line":269,"column":4},"end":{"line":269,"column":64}},"154":{"start":{"line":270,"column":4},"end":{"line":270,"column":50}},"155":{"start":{"line":272,"column":4},"end":{"line":272,"column":58}},"156":{"start":{"line":273,"column":4},"end":{"line":273,"column":40}},"157":{"start":{"line":274,"column":4},"end":{"line":274,"column":48}},"158":{"start":{"line":276,"column":4},"end":{"line":278,"column":5}},"159":{"start":{"line":279,"column":4},"end":{"line":282,"column":5}},"160":{"start":{"line":283,"column":4},"end":{"line":286,"column":5}},"161":{"start":{"line":287,"column":4},"end":{"line":299,"column":6}},"162":{"start":{"line":301,"column":4},"end":{"line":309,"column":6}},"163":{"start":{"line":311,"column":4},"end":{"line":319,"column":7}},"164":{"start":{"line":312,"column":8},"end":{"line":318,"column":9}},"165":{"start":{"line":313,"column":12},"end":{"line":313,"column":67}},"166":{"start":{"line":314,"column":12},"end":{"line":314,"column":42}},"167":{"start":{"line":316,"column":12},"end":{"line":316,"column":69}},"168":{"start":{"line":317,"column":12},"end":{"line":317,"column":30}},"169":{"start":{"line":322,"column":0},"end":{"line":358,"column":1}},"170":{"start":{"line":323,"column":4},"end":{"line":323,"column":37}},"171":{"start":{"line":324,"column":4},"end":{"line":324,"column":41}},"172":{"start":{"line":325,"column":4},"end":{"line":325,"column":83}},"173":{"start":{"line":326,"column":4},"end":{"line":326,"column":51}},"174":{"start":{"line":327,"column":4},"end":{"line":327,"column":49}},"175":{"start":{"line":328,"column":4},"end":{"line":328,"column":49}},"176":{"start":{"line":329,"column":4},"end":{"line":329,"column":49}},"177":{"start":{"line":331,"column":4},"end":{"line":331,"column":61}},"178":{"start":{"line":332,"column":4},"end":{"line":351,"column":6}},"179":{"start":{"line":333,"column":8},"end":{"line":350,"column":9}},"180":{"start":{"line":334,"column":12},"end":{"line":334,"column":42}},"181":{"start":{"line":336,"column":12},"end":{"line":336,"column":34}},"182":{"start":{"line":337,"column":12},"end":{"line":349,"column":13}},"183":{"start":{"line":338,"column":16},"end":{"line":342,"column":19}},"184":{"start":{"line":339,"column":20},"end":{"line":341,"column":23}},"185":{"start":{"line":340,"column":24},"end":{"line":340,"column":84}},"186":{"start":{"line":343,"column":19},"end":{"line":349,"column":13}},"187":{"start":{"line":344,"column":16},"end":{"line":346,"column":19}},"188":{"start":{"line":345,"column":20},"end":{"line":345,"column":80}},"189":{"start":{"line":348,"column":16},"end":{"line":348,"column":76}},"190":{"start":{"line":353,"column":4},"end":{"line":357,"column":5}},"191":{"start":{"line":354,"column":8},"end":{"line":354,"column":113}},"192":{"start":{"line":356,"column":8},"end":{"line":356,"column":128}},"193":{"start":{"line":360,"column":0},"end":{"line":365,"column":1}},"194":{"start":{"line":361,"column":4},"end":{"line":361,"column":168}},"195":{"start":{"line":362,"column":4},"end":{"line":364,"column":7}},"196":{"start":{"line":363,"column":8},"end":{"line":363,"column":35}},"197":{"start":{"line":367,"column":0},"end":{"line":376,"column":1}},"198":{"start":{"line":368,"column":4},"end":{"line":368,"column":153}},"199":{"start":{"line":369,"column":4},"end":{"line":375,"column":7}},"200":{"start":{"line":371,"column":8},"end":{"line":371,"column":82}},"201":{"start":{"line":372,"column":8},"end":{"line":374,"column":11}},"202":{"start":{"line":373,"column":12},"end":{"line":373,"column":39}},"203":{"start":{"line":378,"column":0},"end":{"line":391,"column":1}},"204":{"start":{"line":379,"column":4},"end":{"line":379,"column":18}},"205":{"start":{"line":380,"column":4},"end":{"line":380,"column":34}},"206":{"start":{"line":381,"column":4},"end":{"line":389,"column":7}},"207":{"start":{"line":382,"column":8},"end":{"line":382,"column":85}},"208":{"start":{"line":383,"column":8},"end":{"line":388,"column":11}},"209":{"start":{"line":384,"column":12},"end":{"line":384,"column":20}},"210":{"start":{"line":385,"column":12},"end":{"line":387,"column":13}},"211":{"start":{"line":386,"column":16},"end":{"line":386,"column":34}},"212":{"start":{"line":390,"column":4},"end":{"line":390,"column":22}},"213":{"start":{"line":393,"column":0},"end":{"line":397,"column":1}},"214":{"start":{"line":394,"column":4},"end":{"line":396,"column":7}},"215":{"start":{"line":395,"column":8},"end":{"line":395,"column":30}},"216":{"start":{"line":399,"column":0},"end":{"line":430,"column":1}},"217":{"start":{"line":400,"column":4},"end":{"line":400,"column":39}},"218":{"start":{"line":401,"column":4},"end":{"line":401,"column":15}},"219":{"start":{"line":403,"column":4},"end":{"line":429,"column":6}},"220":{"start":{"line":405,"column":12},"end":{"line":413,"column":15}},"221":{"start":{"line":406,"column":16},"end":{"line":412,"column":17}},"222":{"start":{"line":407,"column":20},"end":{"line":409,"column":23}},"223":{"start":{"line":408,"column":24},"end":{"line":408,"column":46}},"224":{"start":{"line":411,"column":20},"end":{"line":411,"column":42}},"225":{"start":{"line":416,"column":12},"end":{"line":419,"column":15}},"226":{"start":{"line":417,"column":16},"end":{"line":417,"column":67}},"227":{"start":{"line":418,"column":16},"end":{"line":418,"column":38}},"228":{"start":{"line":422,"column":12},"end":{"line":424,"column":15}},"229":{"start":{"line":423,"column":16},"end":{"line":423,"column":38}},"230":{"start":{"line":427,"column":12},"end":{"line":427,"column":32}},"231":{"start":{"line":432,"column":0},"end":{"line":447,"column":2}},"232":{"start":{"line":433,"column":4},"end":{"line":446,"column":5}},"233":{"start":{"line":435,"column":12},"end":{"line":435,"column":29}},"234":{"start":{"line":437,"column":12},"end":{"line":437,"column":54}},"235":{"start":{"line":438,"column":12},"end":{"line":438,"column":80}},"236":{"start":{"line":439,"column":12},"end":{"line":439,"column":84}},"237":{"start":{"line":440,"column":12},"end":{"line":440,"column":90}},"238":{"start":{"line":441,"column":12},"end":{"line":441,"column":98}},"239":{"start":{"line":442,"column":12},"end":{"line":442,"column":78}},"240":{"start":{"line":443,"column":12},"end":{"line":443,"column":64}},"241":{"start":{"line":444,"column":12},"end":{"line":444,"column":66}}},"branchMap":{"1":{"line":19,"type":"if","locations":[{"start":{"line":19,"column":4},"end":{"line":19,"column":4}},{"start":{"line":19,"column":4},"end":{"line":19,"column":4}}]},"2":{"line":35,"type":"if","locations":[{"start":{"line":35,"column":4},"end":{"line":35,"column":4}},{"start":{"line":35,"column":4},"end":{"line":35,"column":4}}]},"3":{"line":72,"type":"if","locations":[{"start":{"line":72,"column":12},"end":{"line":72,"column":12}},{"start":{"line":72,"column":12},"end":{"line":72,"column":12}}]},"4":{"line":98,"type":"if","locations":[{"start":{"line":98,"column":16},"end":{"line":98,"column":16}},{"start":{"line":98,"column":16},"end":{"line":98,"column":16}}]},"5":{"line":98,"type":"binary-expr","locations":[{"start":{"line":98,"column":20},"end":{"line":98,"column":34}},{"start":{"line":98,"column":38},"end":{"line":98,"column":81}}]},"6":{"line":101,"type":"if","locations":[{"start":{"line":101,"column":16},"end":{"line":101,"column":16}},{"start":{"line":101,"column":16},"end":{"line":101,"column":16}}]},"7":{"line":101,"type":"binary-expr","locations":[{"start":{"line":101,"column":20},"end":{"line":101,"column":34}},{"start":{"line":101,"column":38},"end":{"line":101,"column":85}}]},"8":{"line":126,"type":"if","locations":[{"start":{"line":126,"column":12},"end":{"line":126,"column":12}},{"start":{"line":126,"column":12},"end":{"line":126,"column":12}}]},"9":{"line":161,"type":"if","locations":[{"start":{"line":161,"column":12},"end":{"line":161,"column":12}},{"start":{"line":161,"column":12},"end":{"line":1
[...]
line":208,"column":20}},{"start":{"line":208,"column":20},"end":{"line":208,"column":20}}]},"15":{"line":235,"type":"if","locations":[{"start":{"line":235,"column":4},"end":{"line":235,"column":4}},{"start":{"line":235,"column":4},"end":{"line":235,"column":4}}]},"16":{"line":235,"type":"binary-expr","locations":[{"start":{"line":235,"column":8},"end":{"line":235,"column":23}},{"start":{"line":235,"column":27},"end":{"line":235,"column":41}}]},"17":{"line":246,"type":"if","locations":[{"start":{"line":246,"column":12},"end":{"line":246,"column":12}},{"start":{"line":246,"column":12},"end":{"line":246,"column":12}}]},"18":{"line":248,"type":"if","locations":[{"start":{"line":248,"column":16},"end":{"line":248,"column":16}},{"start":{"line":248,"column":16},"end":{"line":248,"column":16}}]},"19":{"line":256,"type":"if","locations":[{"start":{"line":256,"column":24},"end":{"line":256,"column":24}},{"start":{"line":256,"column":24},"end":{"line":256,"column":24}}]},"20":{"line":312,"type":"if","locations":[{"start":{"line":312,"column":8},"end":{"line":312,"column":8}},{"start":{"line":312,"column":8},"end":{"line":312,"column":8}}]},"21":{"line":312,"type":"binary-expr","locations":[{"start":{"line":312,"column":12},"end":{"line":312,"column":15}},{"start":{"line":312,"column":19},"end":{"line":312,"column":34}}]},"22":{"line":325,"type":"cond-expr","locations":[{"start":{"line":325,"column":70},"end":{"line":325,"column":74}},{"start":{"line":325,"column":77},"end":{"line":325,"column":82}}]},"23":{"line":333,"type":"if","locations":[{"start":{"line":333,"column":8},"end":{"line":333,"column":8}},{"start":{"line":333,"column":8},"end":{"line":333,"column":8}}]},"24":{"line":337,"type":"if","locations":[{"start":{"line":337,"column":12},"end":{"line":337,"column":12}},{"start":{"line":337,"column":12},"end":{"line":337,"column":12}}]},"25":{"line":343,"type":"if","locations":[{"start":{"line":343,"column":19},"end":{"line":343,"column":19}},{"start":{"line":343,"column":19},"end":{"line":343,"column":19}}]},"26":{"line":353,"type":"if","locations":[{"start":{"line":353,"column":4},"end":{"line":353,"column":4}},{"start":{"line":353,"column":4},"end":{"line":353,"column":4}}]},"27":{"line":385,"type":"if","locations":[{"start":{"line":385,"column":12},"end":{"line":385,"column":12}},{"start":{"line":385,"column":12},"end":{"line":385,"column":12}}]},"28":{"line":406,"type":"if","locations":[{"start":{"line":406,"column":16},"end":{"line":406,"column":16}},{"start":{"line":406,"column":16},"end":{"line":406,"column":16}}]}}},"/Users/lanza/Desktop/DEV/zintro/all/strangler-new/routes/autocomplete/group.js":{"path":"/Users/lanza/Desktop/DEV/zintro/all/strangler-new/routes/autocomplete/group.js","s":{"1":1,"2":1,"3":1,"4":1,"5":1,"6":1,"7":0,"8":1,"9":1,"10":1,"11":1},"b":{"1":[0,1]},"f":{"1":1,"2":1,"3":1,"4":1},"fnMap":{"1":{"name":"_get","line":5,"loc":{"start":{"line":5,"column":0},"end":{"line":5,"column":24}}},"2":{"name":"(anonymous_2)","line":8,"loc":{"start":{"line":8,"column":125},"end":{"line":8,"column":146}}},"3":{"name":"(anonymous_3)","line":18,"loc":{"start":{"line":18,"column":17},"end":{"line":18,"column":29}}},"4":{"name":"(anonymous_4)","line":20,"loc":{"start":{"line":20,"column":19},"end":{"line":20,"column":34}}}},"statementMap":{"1":{"start":{"line":3,"column":0},"end":{"line":3,"column":26}},"2":{"start":{"line":5,"column":0},"end":{"line":16,"column":1}},"3":{"start":{"line":6,"column":4},"end":{"line":6,"column":39}},"4":{"start":{"line":7,"column":4},"end":{"line":7,"column":36}},"5":{"start":{"line":8,"column":4},"end":{"line":15,"column":7}},"6":{"start":{"line":9,"column":8},"end":{"line":13,"column":9}},"7":{"start":{"line":10,"column":12},"end":{"line":10,"column":42}},"8":{"start":{"line":12,"column":12},"end":{"line":12,"column":47}},"9":{"start":{"line":18,"column":0},"end":{"line":24,"column":2}},"10":{"start":{"line":19,"column":4},"end":{"line":23,"column":5}},"11":{"start":{"line":21,"column":12},"end":{"line":21,"column":60}}},"branchMap":{"1":{"line":9,"type":"if","locations":[{"start":{"line":9,"column":8},"end":{"line":9,"column":8}},{"start":{"line":9,"column":8},"end":{"line":9,"column":8}}]}}},"/Users/lanza/Desktop/DEV/zintro/all/strangler-new/routes/autocomplete/users.js":{"path":"/Users/lanza/Desktop/DEV/zintro/all/strangler-new/routes/autocomplete/users.js","s":{"1":1,"2":1,"3":1,"4":1,"5":1,"6":1,"7":0,"8":1,"9":1,"10":1,"11":1},"b":{"1":[0,1]},"f":{"1":1,"2":1,"3":1,"4":1},"fnMap":{"1":{"name":"_get","line":5,"loc":{"start":{"line":5,"column":0},"end":{"line":5,"column":24}}},"2":{"name":"(anonymous_2)","line":8,"loc":{"start":{"line":8,"column":225},"end":{"line":8,"column":245}}},"3":{"name":"(anonymous_3)","line":18,"loc":{"start":{"line":18,"column":17},"end":{"line":18,"column":29}}},"4":{"name":"(anonymous_4)","line":20,"loc":{"start":{"line":20,"column":19},"end":{"line":20,"column":34}}}},"statementMap":{"1":{"start":{"line":3,"column":0},"end":{"line":3,"column":26}},"2":{"start":{"line":5,"column":0},"end":{"line":16,"column":1}},"3":{"start":{"line":6,"column":4},"end":{"line":6,"column":39}},"4":{"start":{"line":7,"column":4},"end":{"line":7,"column":35}},"5":{"start":{"line":8,"column":4},"end":{"line":15,"column":7}},"6":{"start":{"line":9,"column":8},"end":{"line":13,"column":9}},"7":{"start":{"line":10,"column":12},"end":{"line":10,"column":42}},"8":{"start":{"line":12,"column":12},"end":{"line":12,"column":46}},"9":{"start":{"line":18,"column":0},"end":{"line":24,"column":2}},"10":{"start":{"line":19,"column":4},"end":{"line":23,"column":5}},"11":{"start":{"line":21,"column":12},"end":{"line":21,"column":58}}},"branchMap":{"1":{"line":9,"type":"if","locations":[{"start":{"line":9,"column":8},"end":{"line":9,"column":8}},{"start":{"line":9,"column":8},"end":{"line":9,"column":8}}]}}},"/Users/lanza/Desktop/DEV/zintro/all/strangler-new/utils/pg_connector.js":{"path":"/Users/lanza/Desktop/DEV/zintro/all/strangler-new/utils/pg_connector.js","s":{"1":1,"2":1,"3":1,"4":1,"5":1,"6":1,"7":1,"8":1,"9":20,"10":1,"11":20,"12":20,"13":1,"14":20,"15":20,"16":20,"17":0,"18":0,"19":20,"20":20,"21":20,"22":0,"23":0,"24":20,"25":20,"26":1,"27":20,"28":20,"29":3,"30":20,"31":20,"32":1,"33":1,"34":1,"35":1},"b":{"1":[0,20],"2":[0,20],"3":[3,17]},"f":{"1":1,"2":20,"3":20,"4":20,"5":20,"6":20,"7":20,"8":1},"fnMap":{"1":{"name":"PgConnector","line":8,"loc":{"start":{"line":8,"column":0},"end":{"line":8,"column":43}}},"2":{"name":"time","line":13,"loc":{"start":{"line":13,"column":16},"end":{"line":13,"column":37}}},"3":{"name":"timeEnd","line":17,"loc":{"start":{"line":17,"column":19},"end":{"line":17,"column":43}}},"4":{"name":"do_search","line":22,"loc":{"start":{"line":22,"column":21},"end":{"line":22,"column":72}}},"5":{"name":"(anonymous_5)","line":24,"loc":{"start":{"line":24,"column":43},"end":{"line":24,"column":74}}},"6":{"name":"(anonymous_6)","line":29,"loc":{"start":{"line":29,"column":57},"end":{"line":29,"column":82}}},"7":{"name":"(anonymous_7)","line":42,"loc":{"start":{"line":42,"column":30},"end":{"line":42,"column":91}}},"8":{"name":"(anonymous_8)","line":51,"loc":{"start":{"line":51,"column":27},"end":{"line":51,"column":61}}}},"statementMap":{"1":{"start":{"line":3,"column":0},"end":{"line":3,"column":23}},"2":{"start":{"line":4,"column":0},"end":{"line":4,"column":8}},"3":{"start":{"line":8,"column":0},"end":{"line":40,"column":1}},"4":{"start":{"line":9,"column":4},"end":{"line":9,"column":23}},"5":{"start":{"line":10,"column":4},"end":{"line":10,"column":19}},"6":{"start":{"line":11,"column":4},"end":{"line":11,"column":20}},"7":{"start":{"line":12,"column":4},"end":{"line":12,"column":31}},"8":{"start":{"line":13,"column":4},"end":{"line":15,"column":6}},"9":{"start":{"line":14,"column":8},"end":{"line":14,"column":39}},"10":{"start":{"line":17,"column":4},"end":{"line":20,"column":6}},"11":{"start":{"line":18,"column":8},"end":{"line":18,"column":54}},"12":{"start":{"line":19,"column":8},"end":{"line":19,"column":51}},"13":{"start":{"line":22,"column":4},"end":{"line":39,"column":6}},"14":{"start":{"line":23,"column":8},"end":{"line":23,"column":24}},"15":{"start":{"line":24,"column":8},"end":{"line":38,"column":11}},"16":{"start":{"line":25,"column":12},"end":{"line":28,"column":13}},"17":{"start":{"line":26,"column":16},"end":{"line":26,"column":71}},"18":{"start":{"line":27,"column":16},"end":{"line":27,"column":43}},"19":{"start":{"line":29,"column":12},"end":{"line":37,"column":15}},"20":{"start":{"line":30,"column":16},"end":{"line":30,"column":36}},"21":{"start":{"line":31,"column":16},"end":{"line":34,"column":17}},"22":{"start":{"line":32,"column":20},"end":{"line":32,"column":77}},"23":{"start":{"line":33,"column":20},"end":{"line":33,"column":47}},"24":{"start":{"line":35,"column":16},"end":{"line":35,"column":23}},"25":{"start":{"line":36,"column":16},"end":{"line":36,"column":45}},"26":{"start":{"line":42,"column":0},"end":{"line":49,"column":2}},"27":{"start":{"line":43,"column":4},"end":{"line":43,"column":20}},"28":{"start":{"line":44,"column":4},"end":{"line":46,"column":5}},"29":{"start":{"line":45,"column":8},"end":{"line":45,"column":40}},"30":{"start":{"line":47,"column":4},"end":{"line":47,"column":21}},"31":{"start":{"line":48,"column":4},"end":{"line":48,"column":56}},"32":{"start":{"line":51,"column":0},"end":{"line":55,"column":2}},"33":{"start":{"line":52,"column":4},"end":{"line":52,"column":18}},"34":{"start":{"line":53,"column":4},"end":{"line":53,"column":55}},"35":{"start":{"line":54,"column":4},"end":{"line":54,"column":49}}},"branchMap":{"1":{"line":25,"type":"if","locations":[{"start":{"line":25,"column":12},"end":{"line":25,"column":12}},{"start":{"line":25,"column":12},"end":{"line":25,"column":12}}]},"2":{"line":31,"type":"if","locations":[{"start":{"line":31,"column":16},"end":{"line":31,"column":16}},{"start":{"line":31,"column":16},"end":{"line":31,"column":16}}]},"3":{"line":44,"type":"if","locations":[{"start":{"line":44,"column":4},"end":{"line":44,"column":4}},{"start":{"line":44,"column":4},"end":{"line":44,"column":4}}]}}},"/Users/lanza/Desktop/DEV/zintro/all/strangler-new/utils/sql_cache.js":{"path":"/Users/lanza/Desktop/DEV/zintro/all/strangler-new/utils/sql_cache.js","s":{"1":1,"2":1,"3":1,"4":1,"5":1,"6":1,"7":1,"8":1,"9":1,"10":1,"11":1,"12":1,"13":1,"14":1,"15":1,"16":1,"17":0,"18":1,"19":28,"20":28,"21":28,"22":28,"23":28,"24":0,"25":28,"26":28,"27":0,"28":1,"29":0,"30":1,"31":1,"32":1,"33":1,"34":0,"35":1,"36":28,"37":1,"38":1,"39":28,"40":28,"41":0,"42":28,"43":28,"44":28,"45":28,"46":1,"47":28,"48":1,"49":56,"50":1,"51":1,"52":1,"53":1,"54":0,"55":1,"56":51,"57":1,"58":3,"59":1,"60":20,"61":1,"62":1,"63":1,"64":1,"65":1,"66":0,"67":1,"68":1,"69":3,"70":20},"b":{"1":[1,1],"2":[1,1],"3":[0,1],"4":[28,0],"5":[0,28],"6":[0,1],"7":[0,1],"8":[0,28],"9":[28,28],"10":[0,1]},"f":{"1":1,"2":1,"3":28,"4":28,"5":28,"6":1,"7":1,"8":1,"9":28,"10":28,"11":28,"12":28,"13":56,"14":1,"15":51,"16":3,"17":20,"18":1,"19":1,"20":1,"21":3,"22":20},"fnMap":{"1":{"name":"SqlCache","line":11,"loc":{"start":{"line":11,"column":0},"end":{"line":11,"column":32}}},"2":{"name":"process_files","line":19,"loc":{"start":{"line":19,"column":25},"end":{"line":19,"column":60}}},"3":{"name":"(anonymous_3)","line":21,"loc":{"start":{"line":21,"column":26},"end":{"line":21,"column":53}}},"4":{"name":"(anonymous_4)","line":24,"loc":{"start":{"line":24,"column":40},"end":{"line":24,"column":60}}},"5":{"name":"(anonymous_5)","line":25,"loc":{"start":{"line":25,"column":53},"end":{"line":25,"column":78}}},"6":{"name":"(anonymous_6)","line":35,"loc":{"start":{"line":35,"column":12},"end":{"line":35,"column":27}}},"7":{"name":"read_file_data","line":41,"loc":{"start":{"line":41,"column":26},"end":{"line":41,"column":52}}},"8":{"name":"(anonymous_8)","line":42,"loc":{"start":{"line":42,"column":35},"end":{"line":42,"column":59}}},"9":{"name":"(anonymous_9)","line":44,"loc":{"start":{"line":44,"column":28},"end":{"line":44,"column":46}}},"10":{"name":"read_one_file","line":51,"loc":{"start":{"line":51,"column":25},"end":{"line":51,"column":64}}},"11":{"name":"(anonymous_11)","line":52,"loc":{"start":{"line":52,"column":61},"end":{"line":52,"column":82}}},"12":{"name":"(anonymous_12)","line":61,"loc":{"start":{"line":61,"column":29},"end":{"line":61,"column":44}}},"13":{"name":"get_path","line":65,"loc":{"start":{"line":65,"column":20},"end":{"line":65,"column":44}}},"14":{"name":"(anonymous_14)","line":70,"loc":{"start":{"line":70,"column":26},"end":{"line":70,"column":42}}},"15":{"name":"(anonymous_15)","line":79,"loc":{"start":{"line":79,"column":31},"end":{"line":79,"column":47}}},"16":{"name":"(anonymous_16)","line":83,"loc":{"start":{"line":83,"column":25},"end":{"line":83,"column":41}}},"17":{"name":"(anonymous_17)","line":87,"loc":{"start":{"line":87,"column":25},"end":{"line":87,"column":41}}},"18":{"name":"(anonymous_18)","line":92,"loc":{"start":{"line":92,"column":17},"end":{"line":92,"column":31}}},"19":{"name":"(anonymous_19)","line":94,"loc":{"start":{"line":94,"column":17},"end":{"line":94,"column":28}}},"20":{"name":"(anonymous_20)","line":95,"loc":{"start":{"line":95,"column":23},"end":{"line":95,"column":37}}},"21":{"name":"(anonymous_21)","line":103,"loc":{"start":{"line":103,"column":13},"end":{"line":103,"column":29}}},"22":{"name":"(anonymous_22)","line":106,"loc":{"start":{"line":106,"column":13},"end":{"line":106,"column":29}}}},"statementMap":{"1":{"start":{"line":3,"column":0},"end":{"line":3,"column":27}},"2":{"start":{"line":4,"column":0},"end":{"line":4,"column":23}},"3":{"start":{"line":5,"column":0},"end":{"line":5,"column":27}},"4":{"start":{"line":6,"column":0},"end":{"line":6,"column":29}},"5":{"start":{"line":7,"column":0},"end":{"line":7,"column":26}},"6":{"start":{"line":8,"column":0},"end":{"line":8,"column":42}},"7":{"start":{"line":9,"column":0},"end":{"line":9,"column":24}},"8":{"start":{"line":11,"column":0},"end":{"line":68,"column":1}},"9":{"start":{"line":12,"column":4},"end":{"line":12,"column":32}},"10":{"start":{"line":13,"column":4},"end":{"line":13,"column":19}},"11":{"start":{"line":14,"column":4},"end":{"line":14,"column":25}},"12":{"start":{"line":15,"column":4},"end":{"line":15,"column":45}},"13":{"start":{"line":16,"column":4},"end":{"line":16,"column":20}},"14":{"start":{"line":17,"column":4},"end":{"line":17,"column":20}},"15":{"start":{"line":19,"column":4},"end":{"line":39,"column":6}},"16":{"start":{"line":20,"column":8},"end":{"line":20,"column":44}},"17":{"start":{"line":20,"column":17},"end":{"line":20,"column":44}},"18":{"start":{"line":21,"column":8},"end":{"line":38,"column":15}},"19":{"start":{"line":22,"column":16},"end":{"line":34,"column":17}},"20":{"start":{"line":23,"column":20},"end":{"line":30,"column":21}},"21":{"start":{"line":24,"column":24},"end":{"line":29,"column":27}},"22":{"start":{"line":25,"column":28},"end":{"line":28,"column":31}},"23":{"start":{"line":26,"column":32},"end":{"line":26,"column":55}},"24":{"start":{"line":26,"column":41},"end":{"line":26,"column":55}},"25":{"start":{"line":27,"column":32},"end":{"line":27,"column":57}},"26":{"start":{"line":31,"column":20},"end":{"line":31,"column":39}},"27":{"start":{"line":33,"column":20},"end":{"line":33,"column":42}},"28":{"start":{"line":36,"column":16},"end":{"line":36,"column":52}},"29":{"start":{"line":36,"column":25},"end":{"line":36,"column":52}},"30":{"start":{"line":37,"column":16},"end":{"line":37,"column":38}},"31":{"start":{"line":41,"column":4},"end":{"line":49,"column":6}},"32":{"start":{"line":42,"column":8},"end":{"line":48,"column":11}},"33":{"start":{"line":43,"column":12},"end":{"line":43,"column":48}},"34":{"start":{"line":43,"column":21},"end":{"line":43,"column":48}},"35":{"start":{"line":44,"column":12},"end":{"line":46,"column":15}},"36":{"start":{"line":45,"column":16},"end":{"line":45,"column":49}},"37":{"start":{"line":47,"column":12},"end":{"line":47,"column":36}},"38":{"start":{"line":51,"column":4},"end":{"line":59,"column":6}},"39":{"start":{"line":52,"column":8},"end":{"line":58,"column":11}},"40":{"start":{"line":53,"column":12},"end":{"line":53,"column":42}},"41":{"start":{"line":53,"column":21},"end":{"line":53,"column":42}},"42":{"start":{"line":54,"column":12},"end":{"line":54,"column":43}},"43":{"start":{"line":55,"column":12},"end":{"line":55,"column":30}},"44":{"start":{"line":56,"column":12},"end":{"line":56,"column":33}},"45":{"start":{"line":57,"column":12},"end":{"line":57,"column":44}},"46":{"start":{"line":61,"column":4},"end":{"line":63,"column":6}},"47":{"start":{"line":62,"column":8},"end":{"line":62,"column":81}},"48":{"start":{"line":65,"column":4},"end":{"line":67,"column":6}},"49":{"start":{"line":66,"column":8},"end":{"line":66,"column":45}},"50":{"start":{"line":70,"column":0},"end":{"line":77,"column":2}},"51":{"start":{"line":71,"column":4},"end":{"line":71,"column":26}},"52":{"start":{"line":72,"column":4},"end":{"line":76,"column":5}},"53":{"start":{"line":73,"column":8},"end":{"line":73,"column":53}},"54":{"start":{"line":75,"column":8},"end":{"line":75,"column":35}},"55":{"start":{"line":79,"column":0},"end":{"line":81,"column":2}},"56":{"start":{"line":80,"column":4},"end":{"line":80,"column":39}},"57":{"start":{"line":83,"column":0},"end":{"line":85,"column":2}},"58":{"start":{"line":84,"column":4},"end":{"line":84,"column":50}},"59":{"start":{"line":87,"column":0},"end":{"line":89,"column":2}},"60":{"start":{"line":88,"column":4},"end":{"line":88,"column":57}},"61":{"start":{"line":92,"column":0},"end":{"line":110,"column":2}},"62":{"start":{"line":93,"column":4},"end":{"line":93,"column":38}},"63":{"start":{"line":94,"column":4},"end":{"line":101,"column":7}},"64":{"start":{"line":95,"column":8},"end":{"line":100,"column":11}},"65":{"start":{"line":96,"column":12},"end":{"line":98,"column":13}},"66":{"start":{"line":97,"column":16},"end":{"line":97,"column":51}},"67":{"start":{"line":99,"column":12},"end":{"line":99,"column":27}},"68":{"start":{"line":102,"column":4},"end":{"line":109,"column":6}},"69":{"start":{"line":104,"column":12},"end":{"line":104,"column":40}},"70":{"start":{"line":107,"column":12},"end":{"line":107,"column":40}}},"branchMap":{"1":{"line":12,"type":"binary-expr","locations":[{"start":{"line":12,"column":18},"end":{"line":12,"column":25}},{"start":{"line":12,"column":29},"end":{"line":12,"column":31}}]},"2":{"line":15,"type":"binary-expr","locations":[{"start":{"line":15,"column":19},"end":{"line":15,"column":34}},{"start":{"line":15,"column":39},"end":{"line":15,"column":44}}]},"3":{"line":20,"type":"if","locations":[{"start":{"line":20,"column":8},"end":{"line":20,"column":8}},{"start":{"line":20,"column":8},"end":{"line":20,"column":8}}]},"4":{"line":23,"type":"if","locations":[{"start":{"line":23,"column":20},"end":{"line":23,"column":20}},{"start":{"line":23,"column":20},"end":{"line":23,"column":20}}]},"5":{"line":26,"type":"if","locations":[{"start":{"line":26,"column":32},"end":{"line":26,"column":32}},{"start":{"line":26,"column":32},"end":{"line":26,"column":32}}]},"6":{"line":36,"type":"if","locations":[{"start":{"line":36,"column":16},"end":{"line":36,"column":16}},{"start":{"line":36,"column":16},"end":{"line":36,"column":16}}]},"7":{"line":43,"type":"if","locations":[{"start":{"line":43,"column":12},"end":{"line":43,"column":12}},{"start":{"line":43,"column":12},"end":{"line":43,"column":12}}]},"8":{"line":53,"type":"if","locations":[{"start":{"line":53,"column":12},"end":{"line":53,"column":12}},{"start":{"line":53,"column":12},"end":{"line":53,"column":12}}]},"9":{"line":62,"type":"binary-expr","locations":[{"start":{"line":62,"column":15},"end":{"line":62,"column":57}},{"start":{"line":62,"column":61},"end":{"line":62,"column":80}}]},"10":{"line":96,"type":"if","locations":[{"start":{"line":96,"column":12},"end":{"line":96,"column":12}},{"start":{"line":96,"column":12},"end":{"line":96,"column":12}}]}}}}