TN:
SF:/Users/lanza/Desktop/DEV/zintro/all/strangler-new/server.js
FN:23,(anonymous_1)
FN:55,(anonymous_2)
FN:63,(anonymous_3)
FN:65,(anonymous_4)
FN:66,(anonymous_5)
FN:70,(anonymous_6)
FN:71,(anonymous_7)
FN:75,(anonymous_8)
FNF:8
FNH:6
FNDA:3,(anonymous_1)
FNDA:1,(anonymous_2)
FNDA:8,(anonymous_3)
FNDA:0,(anonymous_4)
FNDA:0,(anonymous_5)
FNDA:4,(anonymous_6)
FNDA:4,(anonymous_7)
FNDA:4,(anonymous_8)
DA:2,1
DA:5,1
DA:6,1
DA:7,1
DA:8,1
DA:9,1
DA:10,1
DA:11,1
DA:12,1
DA:18,1
DA:19,1
DA:23,1
DA:24,3
DA:28,1
DA:29,1
DA:35,1
DA:36,1
DA:40,1
DA:43,1
DA:44,1
DA:45,1
DA:46,1
DA:47,1
DA:51,1
DA:52,1
DA:55,1
DA:56,1
DA:59,1
DA:60,1
DA:63,1
DA:64,8
DA:66,0
DA:67,0
DA:71,4
DA:72,4
DA:77,4
DA:78,4
LF:37
LH:35
BRF:0
BRH:0
end_of_record
TN:
SF:/Users/lanza/Desktop/DEV/zintro/all/strangler-new/utils/config.js
FN:11,strip_proto
FN:18,passthrough
FN:25,image
FN:35,lookup
FN:146,javascript
FN:156,_currenttime
FN:162,(anonymous_7)
FN:165,(anonymous_8)
FN:181,(anonymous_9)
FN:189,(anonymous_10)
FNF:10
FNH:8
FNDA:18,strip_proto
FNDA:18,passthrough
FNDA:18,image
FNDA:12,lookup
FNDA:0,javascript
FNDA:0,_currenttime
FNDA:1,(anonymous_7)
FNDA:201,(anonymous_8)
FNDA:15,(anonymous_9)
FNDA:18,(anonymous_10)
DA:3,1
DA:4,1
DA:5,1
DA:6,1
DA:7,1
DA:8,1
DA:11,1
DA:12,18
DA:13,0
DA:15,18
DA:18,1
DA:19,18
DA:20,0
DA:22,18
DA:25,1
DA:26,18
DA:27,0
DA:29,18
DA:30,12
DA:32,6
DA:35,1
DA:36,12
DA:143,12
DA:146,1
DA:147,0
DA:148,0
DA:150,0
DA:151,0
DA:153,0
DA:156,1
DA:157,0
DA:158,0
DA:159,0
DA:162,1
DA:163,1
DA:166,201
DA:167,201
DA:168,201
DA:169,185
DA:171,16
DA:172,16
DA:173,1
DA:175,15
DA:176,15
DA:180,1
DA:182,15
DA:183,0
DA:187,1
DA:189,1
DA:190,18
DA:191,18
DA:192,18
DA:201,1
LF:53
LH:41
BRDA:12,1,0,0
BRDA:12,1,1,18
BRDA:15,2,0,18
BRDA:15,2,1,0
BRDA:19,3,0,0
BRDA:19,3,1,18
BRDA:22,4,0,18
BRDA:22,4,1,0
BRDA:26,5,0,0
BRDA:26,5,1,18
BRDA:29,6,0,12
BRDA:29,6,1,6
BRDA:147,7,0,0
BRDA:147,7,1,0
BRDA:150,8,0,0
BRDA:150,8,1,0
BRDA:168,9,0,185
BRDA:168,9,1,16
BRDA:172,10,0,1
BRDA:172,10,1,15
BRDA:182,11,0,0
BRDA:182,11,1,15
BRDA:193,12,0,18
BRDA:193,12,1,18
BRDA:193,12,2,18
BRDA:193,12,3,12
BRDA:193,12,4,0
BRDA:193,12,5,0
BRF:28
BRH:16
end_of_record
TN:
SF:/Users/lanza/Desktop/DEV/zintro/all/strangler-new/routes/routes.js
FN:9,loadApp
FN:11,user
FN:14,(anonymous_3)
FN:25,header
FN:28,(anonymous_5)
FN:37,footer
FN:42,easyRender
FN:43,(anonymous_8)
FN:50,(anonymous_9)
FN:51,(anonymous_10)
FN:56,(anonymous_11)
FN:57,(anonymous_12)
FN:62,is_admin
FN:88,(anonymous_14)
FNF:14
FNH:13
FNDA:1,loadApp
FNDA:13,user
FNDA:3,(anonymous_3)
FNDA:13,header
FNDA:13,(anonymous_5)
FNDA:13,footer
FNDA:13,easyRender
FNDA:6,(anonymous_8)
FNDA:8,(anonymous_9)
FNDA:4,(anonymous_10)
FNDA:2,(anonymous_11)
FNDA:0,(anonymous_12)
FNDA:4,is_admin
FNDA:1,(anonymous_14)
DA:2,1
DA:3,1
DA:4,1
DA:5,1
DA:9,1
DA:11,1
DA:12,13
DA:13,3
DA:14,3
DA:15,3
DA:16,3
DA:18,3
DA:21,10
DA:25,1
DA:26,13
DA:27,13
DA:28,13
DA:29,13
DA:30,13
DA:31,13
DA:32,13
DA:33,13
DA:37,1
DA:38,13
DA:42,1
DA:43,13
DA:44,6
DA:45,0
DA:47,13
DA:50,1
DA:51,8
DA:52,4
DA:56,1
DA:57,2
DA:58,0
DA:62,1
DA:63,4
DA:64,2
DA:66,2
DA:67,2
DA:71,1
DA:73,1
DA:75,1
DA:77,1
DA:79,1
DA:81,1
DA:83,1
DA:88,1
DA:89,1
DA:90,1
DA:91,1
LF:51
LH:49
BRDA:12,1,0,3
BRDA:12,1,1,10
BRDA:15,2,0,3
BRDA:15,2,1,0
BRDA:63,3,0,2
BRDA:63,3,1,2
BRDA:63,4,0,4
BRDA:63,4,1,2
BRF:8
BRH:7
end_of_record
TN:
SF:/Users/lanza/Desktop/DEV/zintro/all/strangler-new/routes/browse/browse.js
FN:7,_get
FN:9,(anonymous_2)
FN:13,(anonymous_3)
FN:20,load_inquiries
FN:25,(anonymous_5)
FN:40,(anonymous_6)
FN:42,(anonymous_7)
FNF:7
FNH:7
FNDA:2,_get
FNDA:2,(anonymous_2)
FNDA:4,(anonymous_3)
FNDA:2,load_inquiries
FNDA:2,(anonymous_5)
FNDA:1,(anonymous_6)
FNDA:1,(anonymous_7)
DA:3,1
DA:4,1
DA:5,1
DA:7,1
DA:8,2
DA:9,2
DA:10,2
DA:11,2
DA:12,2
DA:13,2
DA:14,4
DA:15,4
DA:20,1
DA:21,2
DA:22,2
DA:23,2
DA:24,2
DA:25,2
DA:26,2
DA:27,0
DA:28,0
DA:30,2
DA:31,2
DA:32,2
DA:34,2
DA:35,2
DA:40,1
DA:41,1
DA:43,1
LF:29
LH:27
BRDA:10,1,0,2
BRDA:10,1,1,0
BRDA:21,2,0,1
BRDA:21,2,1,1
BRDA:23,3,0,0
BRDA:23,3,1,2
BRDA:26,4,0,0
BRDA:26,4,1,2
BRF:8
BRH:5
end_of_record
TN:
SF:/Users/lanza/Desktop/DEV/zintro/all/strangler-new/services/areas.js
FN:3,_get_related_areas
FN:10,(anonymous_2)
FN:25,(anonymous_3)
FNF:3
FNH:3
FNDA:4,_get_related_areas
FNDA:4,(anonymous_2)
FNDA:2,(anonymous_3)
DA:1,1
DA:3,1
DA:4,4
DA:5,4
DA:6,4
DA:7,4
DA:8,4
DA:9,4
DA:10,4
DA:11,4
DA:12,0
DA:13,0
DA:15,4
DA:16,4
DA:17,4
DA:19,0
DA:20,0
DA:25,1
DA:26,2
LF:19
LH:15
BRDA:5,1,0,2
BRDA:5,1,1,2
BRDA:8,2,0,0
BRDA:8,2,1,4
BRDA:11,3,0,0
BRDA:11,3,1,4
BRF:6
BRH:4
end_of_record
TN:
SF:/Users/lanza/Desktop/DEV/zintro/all/strangler-new/routes/experts/experts.js
FN:7,_get
FN:9,(anonymous_2)
FN:13,(anonymous_3)
FN:20,load_experts
FN:25,(anonymous_5)
FN:40,(anonymous_6)
FN:42,(anonymous_7)
FNF:7
FNH:7
FNDA:2,_get
FNDA:2,(anonymous_2)
FNDA:2,(anonymous_3)
FNDA:2,load_experts
FNDA:1,(anonymous_5)
FNDA:1,(anonymous_6)
FNDA:1,(anonymous_7)
DA:3,1
DA:4,1
DA:5,1
DA:7,1
DA:8,2
DA:9,2
DA:10,2
DA:11,2
DA:12,2
DA:13,2
DA:14,2
DA:15,2
DA:20,1
DA:21,2
DA:22,2
DA:23,2
DA:24,2
DA:25,2
DA:26,1
DA:27,0
DA:28,0
DA:30,1
DA:31,1
DA:32,1
DA:34,1
DA:35,1
DA:40,1
DA:41,1
DA:43,1
LF:29
LH:27
BRDA:10,1,0,2
BRDA:10,1,1,0
BRDA:21,2,0,1
BRDA:21,2,1,1
BRDA:23,3,0,0
BRDA:23,3,1,2
BRDA:26,4,0,0
BRDA:26,4,1,1
BRF:8
BRH:5
end_of_record
TN:
SF:/Users/lanza/Desktop/DEV/zintro/all/strangler-new/routes/zipreporter/xml_feed.js
FN:9,get_zipalerts_jobs_query
FN:28,(anonymous_2)
FN:32,_get_zip
FN:34,(anonymous_4)
FN:35,(anonymous_5)
FN:74,get_indeed_jobs_query
FN:93,(anonymous_7)
FN:97,_get_indeed
FN:99,(anonymous_9)
FN:100,(anonymous_10)
FN:155,get_ladders_jobs_query
FN:171,(anonymous_12)
FN:175,_get_ladders
FN:176,(anonymous_14)
FN:182,_get_ladders_xml
FN:187,(anonymous_16)
FN:188,(anonymous_17)
FN:253,get_biospace_jobs_query
FN:270,(anonymous_19)
FN:274,_get_biospace
FN:279,(anonymous_21)
FN:280,(anonymous_22)
FN:313,(anonymous_23)
FN:315,(anonymous_24)
FNF:24
FNH:12
FNDA:1,get_zipalerts_jobs_query
FNDA:1,(anonymous_2)
FNDA:1,_get_zip
FNDA:1,(anonymous_4)
FNDA:1,(anonymous_5)
FNDA:1,get_indeed_jobs_query
FNDA:1,(anonymous_7)
FNDA:1,_get_indeed
FNDA:1,(anonymous_9)
FNDA:1,(anonymous_10)
FNDA:0,get_ladders_jobs_query
FNDA:0,(anonymous_12)
FNDA:0,_get_ladders
FNDA:0,(anonymous_14)
FNDA:0,_get_ladders_xml
FNDA:0,(anonymous_16)
FNDA:0,(anonymous_17)
FNDA:0,get_biospace_jobs_query
FNDA:0,(anonymous_19)
FNDA:0,_get_biospace
FNDA:0,(anonymous_21)
FNDA:0,(anonymous_22)
FNDA:2,(anonymous_23)
FNDA:1,(anonymous_24)
DA:3,1
DA:4,1
DA:5,1
DA:7,1
DA:9,1
DA:10,1
DA:28,1
DA:29,1
DA:32,1
DA:33,1
DA:34,1
DA:35,1
DA:36,1
DA:37,1
DA:38,1
DA:39,1
DA:41,1
DA:42,1
DA:43,1
DA:44,1
DA:46,1
DA:47,1
DA:50,0
DA:51,0
DA:52,0
DA:53,0
DA:56,1
DA:58,1
DA:59,1
DA:60,1
DA:62,0
DA:65,1
DA:67,1
DA:68,1
DA:69,1
DA:74,1
DA:75,1
DA:93,1
DA:94,1
DA:97,1
DA:98,1
DA:99,1
DA:100,1
DA:101,1
DA:102,1
DA:103,1
DA:104,1
DA:105,1
DA:106,0
DA:107,0
DA:109,0
DA:111,0
DA:112,0
DA:114,0
DA:116,0
DA:118,1
DA:119,1
DA:120,1
DA:121,1
DA:124,0
DA:125,0
DA:126,0
DA:127,0
DA:130,1
DA:131,1
DA:132,1
DA:133,1
DA:134,1
DA:136,1
DA:137,1
DA:138,1
DA:140,0
DA:144,1
DA:145,1
DA:146,1
DA:147,1
DA:148,1
DA:149,1
DA:155,1
DA:156,0
DA:171,0
DA:172,0
DA:175,1
DA:176,0
DA:177,0
DA:178,0
DA:182,1
DA:183,0
DA:185,0
DA:187,0
DA:188,0
DA:190,0
DA:191,0
DA:193,0
DA:199,0
DA:204,0
DA:208,0
DA:212,0
DA:213,0
DA:214,0
DA:215,0
DA:217,0
DA:218,0
DA:219,0
DA:220,0
DA:222,0
DA:223,0
DA:224,0
DA:227,0
DA:228,0
DA:229,0
DA:232,0
DA:236,0
DA:238,0
DA:239,0
DA:240,0
DA:242,0
DA:245,0
DA:246,0
DA:248,0
DA:249,0
DA:253,1
DA:254,0
DA:270,0
DA:271,0
DA:274,1
DA:275,0
DA:277,0
DA:279,0
DA:280,0
DA:282,0
DA:283,0
DA:284,0
DA:286,0
DA:289,0
DA:292,0
DA:293,0
DA:294,0
DA:295,0
DA:296,0
DA:297,0
DA:299,0
DA:300,0
DA:301,0
DA:302,0
DA:305,0
DA:306,0
DA:307,0
DA:308,0
DA:313,1
DA:314,2
DA:316,1
DA:317,1
DA:318,1
DA:319,1
LF:155
LH:72
BRDA:38,1,0,1
BRDA:38,1,1,0
BRDA:39,2,0,0
BRDA:39,2,1,1
BRDA:39,3,0,1
BRDA:39,3,1,1
BRDA:39,3,2,1
BRDA:46,4,0,1
BRDA:46,4,1,0
BRDA:58,5,0,1
BRDA:58,5,1,0
BRDA:104,6,0,1
BRDA:104,6,1,0
BRDA:105,7,0,0
BRDA:105,7,1,1
BRDA:106,8,0,0
BRDA:106,8,1,0
BRDA:111,9,0,0
BRDA:111,9,1,0
BRDA:136,10,0,1
BRDA:136,10,1,0
BRDA:177,11,0,0
BRDA:177,11,1,0
BRDA:217,12,0,0
BRDA:217,12,1,0
BRDA:218,13,0,0
BRDA:218,13,1,0
BRDA:218,14,0,0
BRDA:218,14,1,0
BRDA:282,15,0,0
BRDA:282,15,1,0
BRDA:283,16,0,0
BRDA:283,16,1,0
BRDA:283,17,0,0
BRDA:283,17,1,0
BRDA:283,17,2,0
BRF:36
BRH:10
end_of_record
TN:
SF:/Users/lanza/Desktop/DEV/zintro/all/strangler-new/routes/linkredirector/link_redirector.js
FN:14,_get
FN:28,_open_tracking_get
FN:104,(anonymous_3)
FN:106,(anonymous_4)
FNF:4
FNH:4
FNDA:2,_get
FNDA:1,_open_tracking_get
FNDA:1,(anonymous_3)
FNDA:1,(anonymous_4)
DA:3,1
DA:4,1
DA:5,1
DA:7,1
DA:8,1
DA:9,1
DA:10,1
DA:14,1
DA:15,2
DA:16,2
DA:17,1
DA:18,1
DA:19,1
DA:22,1
DA:24,1
DA:28,1
DA:29,1
DA:30,1
DA:31,1
DA:34,1
DA:39,1
DA:40,1
DA:104,1
DA:105,1
DA:107,1
DA:108,1
LF:26
LH:26
BRDA:16,1,0,1
BRDA:16,1,1,1
BRDA:17,2,0,1
BRDA:17,2,1,0
BRDA:17,3,0,1
BRDA:17,3,1,1
BRDA:29,4,0,1
BRDA:29,4,1,0
BRF:8
BRH:6
end_of_record
TN:
SF:/Users/lanza/Desktop/DEV/zintro/all/strangler-new/routes/admin/groups.js
FN:11,_get
FN:17,_get_list
FN:23,(anonymous_3)
FN:26,(anonymous_4)
FN:33,_get_group
FN:42,_get_new_group
FN:53,(anonymous_7)
FN:54,(anonymous_8)
FN:59,(anonymous_9)
FN:60,(anonymous_10)
FN:65,(anonymous_11)
FN:66,(anonymous_12)
FN:71,(anonymous_13)
FN:83,_get_existing_one
FN:89,(anonymous_15)
FN:90,(anonymous_16)
FN:95,(anonymous_17)
FN:97,(anonymous_18)
FN:107,(anonymous_19)
FN:108,(anonymous_20)
FN:113,(anonymous_21)
FN:114,(anonymous_22)
FN:119,(anonymous_23)
FN:120,(anonymous_24)
FN:125,(anonymous_25)
FN:137,_get_group_user
FN:142,_get_existing_group_user
FN:148,(anonymous_28)
FN:149,(anonymous_29)
FN:154,(anonymous_30)
FN:155,(anonymous_31)
FN:160,(anonymous_32)
FN:172,_add_group_user
FN:179,(anonymous_34)
FN:183,(anonymous_35)
FN:184,(anonymous_36)
FN:189,(anonymous_37)
FN:196,(anonymous_38)
FN:198,(anonymous_39)
FN:202,(anonymous_40)
FN:203,(anonymous_41)
FN:207,(anonymous_42)
FN:229,_delete_group_user
FN:242,(anonymous_44)
FN:245,(anonymous_45)
FN:254,(anonymous_46)
FN:255,(anonymous_47)
FN:268,_save_credit_card
FN:311,(anonymous_49)
FN:322,_save_group
FN:332,(anonymous_51)
FN:338,(anonymous_52)
FN:339,(anonymous_53)
FN:344,(anonymous_54)
FN:360,_save_existing_group
FN:362,(anonymous_56)
FN:367,_save_new_group
FN:369,(anonymous_58)
FN:372,(anonymous_59)
FN:378,_delete_list_of_users
FN:381,(anonymous_61)
FN:383,(anonymous_62)
FN:393,_delete_fop_from_group
FN:394,(anonymous_64)
FN:399,_delete_group
FN:404,(anonymous_66)
FN:405,(anonymous_67)
FN:407,(anonymous_68)
FN:415,(anonymous_69)
FN:416,(anonymous_70)
FN:421,(anonymous_71)
FN:422,(anonymous_72)
FN:426,(anonymous_73)
FN:432,(anonymous_74)
FN:434,(anonymous_75)
FNF:75
FNH:2
FNDA:0,_get
FNDA:0,_get_list
FNDA:0,(anonymous_3)
FNDA:0,(anonymous_4)
FNDA:0,_get_group
FNDA:0,_get_new_group
FNDA:0,(anonymous_7)
FNDA:0,(anonymous_8)
FNDA:0,(anonymous_9)
FNDA:0,(anonymous_10)
FNDA:0,(anonymous_11)
FNDA:0,(anonymous_12)
FNDA:0,(anonymous_13)
FNDA:0,_get_existing_one
FNDA:0,(anonymous_15)
FNDA:0,(anonymous_16)
FNDA:0,(anonymous_17)
FNDA:0,(anonymous_18)
FNDA:0,(anonymous_19)
FNDA:0,(anonymous_20)
FNDA:0,(anonymous_21)
FNDA:0,(anonymous_22)
FNDA:0,(anonymous_23)
FNDA:0,(anonymous_24)
FNDA:0,(anonymous_25)
FNDA:0,_get_group_user
FNDA:0,_get_existing_group_user
FNDA:0,(anonymous_28)
FNDA:0,(anonymous_29)
FNDA:0,(anonymous_30)
FNDA:0,(anonymous_31)
FNDA:0,(anonymous_32)
FNDA:0,_add_group_user
FNDA:0,(anonymous_34)
FNDA:0,(anonymous_35)
FNDA:0,(anonymous_36)
FNDA:0,(anonymous_37)
FNDA:0,(anonymous_38)
FNDA:0,(anonymous_39)
FNDA:0,(anonymous_40)
FNDA:0,(anonymous_41)
FNDA:0,(anonymous_42)
FNDA:0,_delete_group_user
FNDA:0,(anonymous_44)
FNDA:0,(anonymous_45)
FNDA:0,(anonymous_46)
FNDA:0,(anonymous_47)
FNDA:0,_save_credit_card
FNDA:0,(anonymous_49)
FNDA:0,_save_group
FNDA:0,(anonymous_51)
FNDA:0,(anonymous_52)
FNDA:0,(anonymous_53)
FNDA:0,(anonymous_54)
FNDA:0,_save_existing_group
FNDA:0,(anonymous_56)
FNDA:0,_save_new_group
FNDA:0,(anonymous_58)
FNDA:0,(anonymous_59)
FNDA:0,_delete_list_of_users
FNDA:0,(anonymous_61)
FNDA:0,(anonymous_62)
FNDA:0,_delete_fop_from_group
FNDA:0,(anonymous_64)
FNDA:0,_delete_group
FNDA:0,(anonymous_66)
FNDA:0,(anonymous_67)
FNDA:0,(anonymous_68)
FNDA:0,(anonymous_69)
FNDA:0,(anonymous_70)
FNDA:0,(anonymous_71)
FNDA:0,(anonymous_72)
FNDA:0,(anonymous_73)
FNDA:1,(anonymous_74)
FNDA:1,(anonymous_75)
DA:3,1
DA:4,1
DA:5,1
DA:6,1
DA:7,1
DA:11,1
DA:12,0
DA:13,0
DA:14,0
DA:17,1
DA:18,0
DA:19,0
DA:20,0
DA:22,0
DA:23,0
DA:24,0
DA:26,0
DA:27,0
DA:28,0
DA:33,1
DA:34,0
DA:35,0
DA:36,0
DA:38,0
DA:42,1
DA:44,0
DA:45,0
DA:47,0
DA:48,0
DA:49,0
DA:50,0
DA:52,0
DA:54,0
DA:55,0
DA:56,0
DA:60,0
DA:61,0
DA:62,0
DA:66,0
DA:67,0
DA:68,0
DA:72,0
DA:73,0
DA:74,0
DA:77,0
DA:78,0
DA:83,1
DA:84,0
DA:85,0
DA:87,0
DA:88,0
DA:90,0
DA:91,0
DA:92,0
DA:96,0
DA:97,0
DA:98,0
DA:99,0
DA:101,0
DA:102,0
DA:104,0
DA:108,0
DA:109,0
DA:110,0
DA:114,0
DA:115,0
DA:116,0
DA:120,0
DA:121,0
DA:122,0
DA:126,0
DA:127,0
DA:128,0
DA:131,0
DA:132,0
DA:137,1
DA:138,0
DA:139,0
DA:142,1
DA:143,0
DA:144,0
DA:146,0
DA:147,0
DA:149,0
DA:150,0
DA:151,0
DA:155,0
DA:156,0
DA:157,0
DA:161,0
DA:162,0
DA:163,0
DA:166,0
DA:167,0
DA:172,1
DA:173,0
DA:174,0
DA:175,0
DA:176,0
DA:178,0
DA:179,0
DA:180,0
DA:181,0
DA:182,0
DA:184,0
DA:185,0
DA:186,0
DA:187,0
DA:189,0
DA:190,0
DA:191,0
DA:197,0
DA:198,0
DA:199,0
DA:203,0
DA:204,0
DA:208,0
DA:209,0
DA:210,0
DA:213,0
DA:217,0
DA:218,0
DA:219,0
DA:220,0
DA:221,0
DA:222,0
DA:223,0
DA:224,0
DA:229,1
DA:230,0
DA:231,0
DA:232,0
DA:233,0
DA:235,0
DA:236,0
DA:237,0
DA:238,0
DA:241,0
DA:242,0
DA:243,0
DA:245,0
DA:246,0
DA:247,0
DA:248,0
DA:249,0
DA:251,0
DA:254,0
DA:255,0
DA:256,0
DA:257,0
DA:259,0
DA:268,1
DA:269,0
DA:270,0
DA:272,0
DA:273,0
DA:274,0
DA:276,0
DA:279,0
DA:283,0
DA:287,0
DA:301,0
DA:311,0
DA:312,0
DA:313,0
DA:314,0
DA:316,0
DA:317,0
DA:322,1
DA:323,0
DA:324,0
DA:325,0
DA:326,0
DA:327,0
DA:328,0
DA:329,0
DA:331,0
DA:332,0
DA:333,0
DA:334,0
DA:336,0
DA:337,0
DA:338,0
DA:339,0
DA:340,0
DA:343,0
DA:344,0
DA:345,0
DA:348,0
DA:353,0
DA:354,0
DA:356,0
DA:360,1
DA:361,0
DA:362,0
DA:363,0
DA:367,1
DA:368,0
DA:369,0
DA:371,0
DA:372,0
DA:373,0
DA:378,1
DA:379,0
DA:380,0
DA:381,0
DA:382,0
DA:383,0
DA:384,0
DA:385,0
DA:386,0
DA:390,0
DA:393,1
DA:394,0
DA:395,0
DA:399,1
DA:400,0
DA:401,0
DA:403,0
DA:405,0
DA:406,0
DA:407,0
DA:408,0
DA:411,0
DA:416,0
DA:417,0
DA:418,0
DA:422,0
DA:423,0
DA:427,0
DA:432,1
DA:433,1
DA:435,1
DA:437,1
DA:438,1
DA:439,1
DA:440,1
DA:441,1
DA:442,1
DA:443,1
DA:444,1
LF:241
LH:32
BRDA:19,1,0,0
BRDA:19,1,1,0
BRDA:35,2,0,0
BRDA:35,2,1,0
BRDA:72,3,0,0
BRDA:72,3,1,0
BRDA:98,4,0,0
BRDA:98,4,1,0
BRDA:98,5,0,0
BRDA:98,5,1,0
BRDA:101,6,0,0
BRDA:101,6,1,0
BRDA:101,7,0,0
BRDA:101,7,1,0
BRDA:126,8,0,0
BRDA:126,8,1,0
BRDA:161,9,0,0
BRDA:161,9,1,0
BRDA:180,10,0,0
BRDA:180,10,1,0
BRDA:180,11,0,0
BRDA:180,11,1,0
BRDA:185,12,0,0
BRDA:185,12,1,0
BRDA:185,13,0,0
BRDA:185,13,1,0
BRDA:208,14,0,0
BRDA:208,14,1,0
BRDA:235,15,0,0
BRDA:235,15,1,0
BRDA:235,16,0,0
BRDA:235,16,1,0
BRDA:246,17,0,0
BRDA:246,17,1,0
BRDA:248,18,0,0
BRDA:248,18,1,0
BRDA:256,19,0,0
BRDA:256,19,1,0
BRDA:312,20,0,0
BRDA:312,20,1,0
BRDA:312,21,0,0
BRDA:312,21,1,0
BRDA:325,22,0,0
BRDA:325,22,1,0
BRDA:333,23,0,0
BRDA:333,23,1,0
BRDA:337,24,0,0
BRDA:337,24,1,0
BRDA:343,25,0,0
BRDA:343,25,1,0
BRDA:353,26,0,0
BRDA:353,26,1,0
BRDA:385,27,0,0
BRDA:385,27,1,0
BRDA:406,28,0,0
BRDA:406,28,1,0
BRF:56
BRH:0
end_of_record
TN:
SF:/Users/lanza/Desktop/DEV/zintro/all/strangler-new/routes/autocomplete/group.js
FN:5,_get
FN:8,(anonymous_2)
FN:18,(anonymous_3)
FN:20,(anonymous_4)
FNF:4
FNH:4
FNDA:1,_get
FNDA:1,(anonymous_2)
FNDA:1,(anonymous_3)
FNDA:1,(anonymous_4)
DA:3,1
DA:5,1
DA:6,1
DA:7,1
DA:8,1
DA:9,1
DA:10,0
DA:12,1
DA:18,1
DA:19,1
DA:21,1
LF:11
LH:10
BRDA:9,1,0,0
BRDA:9,1,1,1
BRF:2
BRH:1
end_of_record
TN:
SF:/Users/lanza/Desktop/DEV/zintro/all/strangler-new/routes/autocomplete/users.js
FN:5,_get
FN:8,(anonymous_2)
FN:18,(anonymous_3)
FN:20,(anonymous_4)
FNF:4
FNH:4
FNDA:1,_get
FNDA:1,(anonymous_2)
FNDA:1,(anonymous_3)
FNDA:1,(anonymous_4)
DA:3,1
DA:5,1
DA:6,1
DA:7,1
DA:8,1
DA:9,1
DA:10,0
DA:12,1
DA:18,1
DA:19,1
DA:21,1
LF:11
LH:10
BRDA:9,1,0,0
BRDA:9,1,1,1
BRF:2
BRH:1
end_of_record
TN:
SF:/Users/lanza/Desktop/DEV/zintro/all/strangler-new/utils/pg_connector.js
FN:8,PgConnector
FN:13,time
FN:17,timeEnd
FN:22,do_search
FN:24,(anonymous_5)
FN:29,(anonymous_6)
FN:42,(anonymous_7)
FN:51,(anonymous_8)
FNF:8
FNH:8
FNDA:1,PgConnector
FNDA:20,time
FNDA:20,timeEnd
FNDA:20,do_search
FNDA:20,(anonymous_5)
FNDA:20,(anonymous_6)
FNDA:20,(anonymous_7)
FNDA:1,(anonymous_8)
DA:3,1
DA:4,1
DA:8,1
DA:9,1
DA:10,1
DA:11,1
DA:12,1
DA:13,1
DA:14,20
DA:17,1
DA:18,20
DA:19,20
DA:22,1
DA:23,20
DA:24,20
DA:25,20
DA:26,0
DA:27,0
DA:29,20
DA:30,20
DA:31,20
DA:32,0
DA:33,0
DA:35,20
DA:36,20
DA:42,1
DA:43,20
DA:44,20
DA:45,3
DA:47,20
DA:48,20
DA:51,1
DA:52,1
DA:53,1
DA:54,1
LF:35
LH:31
BRDA:25,1,0,0
BRDA:25,1,1,20
BRDA:31,2,0,0
BRDA:31,2,1,20
BRDA:44,3,0,3
BRDA:44,3,1,17
BRF:6
BRH:4
end_of_record
TN:
SF:/Users/lanza/Desktop/DEV/zintro/all/strangler-new/utils/sql_cache.js
FN:11,SqlCache
FN:19,process_files
FN:21,(anonymous_3)
FN:24,(anonymous_4)
FN:25,(anonymous_5)
FN:35,(anonymous_6)
FN:41,read_file_data
FN:42,(anonymous_8)
FN:44,(anonymous_9)
FN:51,read_one_file
FN:52,(anonymous_11)
FN:61,(anonymous_12)
FN:65,get_path
FN:70,(anonymous_14)
FN:79,(anonymous_15)
FN:83,(anonymous_16)
FN:87,(anonymous_17)
FN:92,(anonymous_18)
FN:94,(anonymous_19)
FN:95,(anonymous_20)
FN:103,(anonymous_21)
FN:106,(anonymous_22)
FNF:22
FNH:22
FNDA:1,SqlCache
FNDA:1,process_files
FNDA:28,(anonymous_3)
FNDA:28,(anonymous_4)
FNDA:28,(anonymous_5)
FNDA:1,(anonymous_6)
FNDA:1,read_file_data
FNDA:1,(anonymous_8)
FNDA:28,(anonymous_9)
FNDA:28,read_one_file
FNDA:28,(anonymous_11)
FNDA:28,(anonymous_12)
FNDA:56,get_path
FNDA:1,(anonymous_14)
FNDA:51,(anonymous_15)
FNDA:3,(anonymous_16)
FNDA:20,(anonymous_17)
FNDA:1,(anonymous_18)
FNDA:1,(anonymous_19)
FNDA:1,(anonymous_20)
FNDA:3,(anonymous_21)
FNDA:20,(anonymous_22)
DA:3,1
DA:4,1
DA:5,1
DA:6,1
DA:7,1
DA:8,1
DA:9,1
DA:11,1
DA:12,1
DA:13,1
DA:14,1
DA:15,1
DA:16,1
DA:17,1
DA:19,1
DA:20,1
DA:21,1
DA:22,28
DA:23,28
DA:24,28
DA:25,28
DA:26,28
DA:27,28
DA:31,28
DA:33,0
DA:36,1
DA:37,1
DA:41,1
DA:42,1
DA:43,1
DA:44,1
DA:45,28
DA:47,1
DA:51,1
DA:52,28
DA:53,28
DA:54,28
DA:55,28
DA:56,28
DA:57,28
DA:61,1
DA:62,28
DA:65,1
DA:66,56
DA:70,1
DA:71,1
DA:72,1
DA:73,1
DA:75,0
DA:79,1
DA:80,51
DA:83,1
DA:84,3
DA:87,1
DA:88,20
DA:92,1
DA:93,1
DA:94,1
DA:95,1
DA:96,1
DA:97,0
DA:99,1
DA:102,1
DA:104,3
DA:107,20
LF:65
LH:62
BRDA:12,1,0,1
BRDA:12,1,1,1
BRDA:15,2,0,1
BRDA:15,2,1,1
BRDA:20,3,0,0
BRDA:20,3,1,1
BRDA:23,4,0,28
BRDA:23,4,1,0
BRDA:26,5,0,0
BRDA:26,5,1,28
BRDA:36,6,0,0
BRDA:36,6,1,1
BRDA:43,7,0,0
BRDA:43,7,1,1
BRDA:53,8,0,0
BRDA:53,8,1,28
BRDA:62,9,0,28
BRDA:62,9,1,28
BRDA:96,10,0,0
BRDA:96,10,1,1
BRF:20
BRH:13
end_of_record
